TimeQuest Timing Analyzer report for projeto_200917
Thu Sep 17 21:43:07 2020
Quartus II 64-Bit Version 13.0.1 Build 232 06/12/2013 Service Pack 1 SJ Web Edition


---------------------
; Table of Contents ;
---------------------
  1. Legal Notice
  2. TimeQuest Timing Analyzer Summary
  3. Parallel Compilation
  4. Clocks
  5. Slow Model Fmax Summary
  6. Slow Model Setup Summary
  7. Slow Model Hold Summary
  8. Slow Model Recovery Summary
  9. Slow Model Removal Summary
 10. Slow Model Minimum Pulse Width Summary
 11. Slow Model Setup: 'CLOCK_50'
 12. Slow Model Hold: 'CLOCK_50'
 13. Slow Model Minimum Pulse Width: 'CLOCK_50'
 14. Clock to Output Times
 15. Minimum Clock to Output Times
 16. Propagation Delay
 17. Minimum Propagation Delay
 18. Fast Model Setup Summary
 19. Fast Model Hold Summary
 20. Fast Model Recovery Summary
 21. Fast Model Removal Summary
 22. Fast Model Minimum Pulse Width Summary
 23. Fast Model Setup: 'CLOCK_50'
 24. Fast Model Hold: 'CLOCK_50'
 25. Fast Model Minimum Pulse Width: 'CLOCK_50'
 26. Clock to Output Times
 27. Minimum Clock to Output Times
 28. Propagation Delay
 29. Minimum Propagation Delay
 30. Multicorner Timing Analysis Summary
 31. Clock to Output Times
 32. Minimum Clock to Output Times
 33. Progagation Delay
 34. Minimum Progagation Delay
 35. Setup Transfers
 36. Hold Transfers
 37. Report TCCS
 38. Report RSKM
 39. Unconstrained Paths
 40. TimeQuest Timing Analyzer Messages



----------------
; Legal Notice ;
----------------
Copyright (C) 1991-2013 Altera Corporation
Your use of Altera Corporation's design tools, logic functions 
and other software and tools, and its AMPP partner logic 
functions, and any output files from any of the foregoing 
(including device programming or simulation files), and any 
associated documentation or information are expressly subject 
to the terms and conditions of the Altera Program License 
Subscription Agreement, Altera MegaCore Function License 
Agreement, or other applicable license agreement, including, 
without limitation, that your use is for the sole purpose of 
programming logic devices manufactured by Altera and sold by 
Altera or its authorized distributors.  Please refer to the 
applicable agreement for further details.



+----------------------------------------------------------------------------------------+
; TimeQuest Timing Analyzer Summary                                                      ;
+--------------------+-------------------------------------------------------------------+
; Quartus II Version ; Version 13.0.1 Build 232 06/12/2013 Service Pack 1 SJ Web Edition ;
; Revision Name      ; projeto_200917                                                    ;
; Device Family      ; Cyclone II                                                        ;
; Device Name        ; EP2C35F672C6                                                      ;
; Timing Models      ; Final                                                             ;
; Delay Model        ; Combined                                                          ;
; Rise/Fall Delays   ; Unavailable                                                       ;
+--------------------+-------------------------------------------------------------------+


Parallel compilation was disabled, but you have multiple processors available. Enable parallel compilation to reduce compilation time.
+-------------------------------------+
; Parallel Compilation                ;
+----------------------------+--------+
; Processors                 ; Number ;
+----------------------------+--------+
; Number detected on machine ; 4      ;
; Maximum allowed            ; 1      ;
+----------------------------+--------+


+--------------------------------------------------------------------------------------------------------------------------------------------------------------------------------------+
; Clocks                                                                                                                                                                               ;
+------------+------+--------+------------+-------+-------+------------+-----------+-------------+-------+--------+-----------+------------+----------+--------+--------+--------------+
; Clock Name ; Type ; Period ; Frequency  ; Rise  ; Fall  ; Duty Cycle ; Divide by ; Multiply by ; Phase ; Offset ; Edge List ; Edge Shift ; Inverted ; Master ; Source ; Targets      ;
+------------+------+--------+------------+-------+-------+------------+-----------+-------------+-------+--------+-----------+------------+----------+--------+--------+--------------+
; CLOCK_50   ; Base ; 1.000  ; 1000.0 MHz ; 0.000 ; 0.500 ;            ;           ;             ;       ;        ;           ;            ;          ;        ;        ; { CLOCK_50 } ;
+------------+------+--------+------------+-------+-------+------------+-----------+-------------+-------+--------+-----------+------------+----------+--------+--------+--------------+


+-------------------------------------------------+
; Slow Model Fmax Summary                         ;
+-----------+-----------------+------------+------+
; Fmax      ; Restricted Fmax ; Clock Name ; Note ;
+-----------+-----------------+------------+------+
; 301.2 MHz ; 301.2 MHz       ; CLOCK_50   ;      ;
+-----------+-----------------+------------+------+
This panel reports FMAX for every clock in the design, regardless of the user-specified clock periods.  FMAX is only computed for paths where the source and destination registers or ports are driven by the same clock.  Paths of different clocks, including generated clocks, are ignored.  For paths between a clock and its inversion, FMAX is computed as if the rising and falling edges are scaled along with FMAX, such that the duty cycle (in terms of a percentage) is maintained. Altera recommends that you always use clock constraints and other slack reports for sign-off analysis.


+-----------------------------------+
; Slow Model Setup Summary          ;
+----------+--------+---------------+
; Clock    ; Slack  ; End Point TNS ;
+----------+--------+---------------+
; CLOCK_50 ; -2.320 ; -14.548       ;
+----------+--------+---------------+


+----------------------------------+
; Slow Model Hold Summary          ;
+----------+-------+---------------+
; Clock    ; Slack ; End Point TNS ;
+----------+-------+---------------+
; CLOCK_50 ; 0.391 ; 0.000         ;
+----------+-------+---------------+


-------------------------------
; Slow Model Recovery Summary ;
-------------------------------
No paths to report.


------------------------------
; Slow Model Removal Summary ;
------------------------------
No paths to report.


+----------------------------------------+
; Slow Model Minimum Pulse Width Summary ;
+----------+--------+--------------------+
; Clock    ; Slack  ; End Point TNS      ;
+----------+--------+--------------------+
; CLOCK_50 ; -1.380 ; -10.380            ;
+----------+--------+--------------------+


+----------------------------------------------------------------------------------------------------------------------------------------------------------+
; Slow Model Setup: 'CLOCK_50'                                                                                                                             ;
+--------+-------------------------------------+-------------------------------------+--------------+-------------+--------------+------------+------------+
; Slack  ; From Node                           ; To Node                             ; Launch Clock ; Latch Clock ; Relationship ; Clock Skew ; Data Delay ;
+--------+-------------------------------------+-------------------------------------+--------------+-------------+--------------+------------+------------+
; -2.320 ; pwm_display:pwm1|\p_pwm:contador[0] ; pwm_display:pwm1|\p_pwm:vpwm        ; CLOCK_50     ; CLOCK_50    ; 1.000        ; 0.000      ; 3.356      ;
; -2.167 ; pwm_display:pwm1|\p_pwm:contador[1] ; pwm_display:pwm1|\p_pwm:vpwm        ; CLOCK_50     ; CLOCK_50    ; 1.000        ; 0.000      ; 3.203      ;
; -2.096 ; pwm_display:pwm1|\p_pwm:contador[2] ; pwm_display:pwm1|\p_pwm:vpwm        ; CLOCK_50     ; CLOCK_50    ; 1.000        ; 0.000      ; 3.132      ;
; -2.071 ; pwm_display:pwm1|\p_pwm:contador[3] ; pwm_display:pwm1|\p_pwm:vpwm        ; CLOCK_50     ; CLOCK_50    ; 1.000        ; 0.000      ; 3.107      ;
; -1.961 ; pwm_display:pwm1|\p_pwm:contador[4] ; pwm_display:pwm1|\p_pwm:vpwm        ; CLOCK_50     ; CLOCK_50    ; 1.000        ; 0.000      ; 2.997      ;
; -1.926 ; pwm_display:pwm1|\p_pwm:contador[5] ; pwm_display:pwm1|\p_pwm:vpwm        ; CLOCK_50     ; CLOCK_50    ; 1.000        ; 0.000      ; 2.962      ;
; -1.923 ; pwm_display:pwm1|\p_pwm:contador[0] ; pwm_display:pwm1|pwm                ; CLOCK_50     ; CLOCK_50    ; 1.000        ; 0.000      ; 2.959      ;
; -1.773 ; pwm_display:pwm1|\p_pwm:contador[0] ; pwm_display:pwm1|\p_pwm:contador[2] ; CLOCK_50     ; CLOCK_50    ; 1.000        ; 0.000      ; 2.809      ;
; -1.770 ; pwm_display:pwm1|\p_pwm:contador[1] ; pwm_display:pwm1|pwm                ; CLOCK_50     ; CLOCK_50    ; 1.000        ; 0.000      ; 2.806      ;
; -1.709 ; pwm_display:pwm1|\p_pwm:contador[0] ; pwm_display:pwm1|\p_pwm:contador[0] ; CLOCK_50     ; CLOCK_50    ; 1.000        ; 0.000      ; 2.745      ;
; -1.699 ; pwm_display:pwm1|\p_pwm:contador[2] ; pwm_display:pwm1|pwm                ; CLOCK_50     ; CLOCK_50    ; 1.000        ; 0.000      ; 2.735      ;
; -1.674 ; pwm_display:pwm1|\p_pwm:contador[3] ; pwm_display:pwm1|pwm                ; CLOCK_50     ; CLOCK_50    ; 1.000        ; 0.000      ; 2.710      ;
; -1.670 ; pwm_display:pwm1|\p_pwm:contador[1] ; pwm_display:pwm1|\p_pwm:contador[2] ; CLOCK_50     ; CLOCK_50    ; 1.000        ; 0.000      ; 2.706      ;
; -1.661 ; pwm_display:pwm1|\p_pwm:contador[0] ; pwm_display:pwm1|\p_pwm:contador[6] ; CLOCK_50     ; CLOCK_50    ; 1.000        ; -0.001     ; 2.696      ;
; -1.611 ; pwm_display:pwm1|\p_pwm:contador[5] ; pwm_display:pwm1|\p_pwm:contador[0] ; CLOCK_50     ; CLOCK_50    ; 1.000        ; 0.000      ; 2.647      ;
; -1.586 ; pwm_display:pwm1|\p_pwm:contador[5] ; pwm_display:pwm1|\p_pwm:contador[2] ; CLOCK_50     ; CLOCK_50    ; 1.000        ; 0.000      ; 2.622      ;
; -1.585 ; pwm_display:pwm1|\p_pwm:contador[4] ; pwm_display:pwm1|\p_pwm:contador[0] ; CLOCK_50     ; CLOCK_50    ; 1.000        ; 0.000      ; 2.621      ;
; -1.564 ; pwm_display:pwm1|\p_pwm:contador[4] ; pwm_display:pwm1|pwm                ; CLOCK_50     ; CLOCK_50    ; 1.000        ; 0.000      ; 2.600      ;
; -1.560 ; pwm_display:pwm1|\p_pwm:contador[4] ; pwm_display:pwm1|\p_pwm:contador[2] ; CLOCK_50     ; CLOCK_50    ; 1.000        ; 0.000      ; 2.596      ;
; -1.558 ; pwm_display:pwm1|\p_pwm:contador[1] ; pwm_display:pwm1|\p_pwm:contador[6] ; CLOCK_50     ; CLOCK_50    ; 1.000        ; -0.001     ; 2.593      ;
; -1.529 ; pwm_display:pwm1|\p_pwm:contador[5] ; pwm_display:pwm1|pwm                ; CLOCK_50     ; CLOCK_50    ; 1.000        ; 0.000      ; 2.565      ;
; -1.487 ; pwm_display:pwm1|\p_pwm:contador[2] ; pwm_display:pwm1|\p_pwm:contador[6] ; CLOCK_50     ; CLOCK_50    ; 1.000        ; -0.001     ; 2.522      ;
; -1.476 ; pwm_display:pwm1|\p_pwm:contador[3] ; pwm_display:pwm1|\p_pwm:contador[0] ; CLOCK_50     ; CLOCK_50    ; 1.000        ; 0.000      ; 2.512      ;
; -1.462 ; pwm_display:pwm1|\p_pwm:contador[3] ; pwm_display:pwm1|\p_pwm:contador[6] ; CLOCK_50     ; CLOCK_50    ; 1.000        ; -0.001     ; 2.497      ;
; -1.459 ; pwm_display:pwm1|\p_pwm:contador[0] ; pwm_display:pwm1|\p_pwm:contador[5] ; CLOCK_50     ; CLOCK_50    ; 1.000        ; 0.000      ; 2.495      ;
; -1.459 ; pwm_display:pwm1|\p_pwm:contador[6] ; pwm_display:pwm1|\p_pwm:vpwm        ; CLOCK_50     ; CLOCK_50    ; 1.000        ; 0.001      ; 2.496      ;
; -1.451 ; pwm_display:pwm1|\p_pwm:contador[3] ; pwm_display:pwm1|\p_pwm:contador[2] ; CLOCK_50     ; CLOCK_50    ; 1.000        ; 0.000      ; 2.487      ;
; -1.356 ; pwm_display:pwm1|\p_pwm:contador[1] ; pwm_display:pwm1|\p_pwm:contador[5] ; CLOCK_50     ; CLOCK_50    ; 1.000        ; 0.000      ; 2.392      ;
; -1.352 ; pwm_display:pwm1|\p_pwm:contador[4] ; pwm_display:pwm1|\p_pwm:contador[6] ; CLOCK_50     ; CLOCK_50    ; 1.000        ; -0.001     ; 2.387      ;
; -1.320 ; pwm_display:pwm1|\p_pwm:contador[0] ; pwm_display:pwm1|\p_pwm:contador[3] ; CLOCK_50     ; CLOCK_50    ; 1.000        ; 0.000      ; 2.356      ;
; -1.317 ; pwm_display:pwm1|\p_pwm:contador[5] ; pwm_display:pwm1|\p_pwm:contador[6] ; CLOCK_50     ; CLOCK_50    ; 1.000        ; -0.001     ; 2.352      ;
; -1.287 ; pwm_display:pwm1|\p_pwm:contador[2] ; pwm_display:pwm1|\p_pwm:contador[2] ; CLOCK_50     ; CLOCK_50    ; 1.000        ; 0.000      ; 2.323      ;
; -1.285 ; pwm_display:pwm1|\p_pwm:contador[2] ; pwm_display:pwm1|\p_pwm:contador[5] ; CLOCK_50     ; CLOCK_50    ; 1.000        ; 0.000      ; 2.321      ;
; -1.260 ; pwm_display:pwm1|\p_pwm:contador[3] ; pwm_display:pwm1|\p_pwm:contador[5] ; CLOCK_50     ; CLOCK_50    ; 1.000        ; 0.000      ; 2.296      ;
; -1.217 ; pwm_display:pwm1|\p_pwm:contador[1] ; pwm_display:pwm1|\p_pwm:contador[3] ; CLOCK_50     ; CLOCK_50    ; 1.000        ; 0.000      ; 2.253      ;
; -1.202 ; pwm_display:pwm1|\p_pwm:contador[0] ; pwm_display:pwm1|\p_pwm:contador[4] ; CLOCK_50     ; CLOCK_50    ; 1.000        ; 0.000      ; 2.238      ;
; -1.181 ; pwm_display:pwm1|\p_pwm:contador[0] ; pwm_display:pwm1|\p_pwm:contador[1] ; CLOCK_50     ; CLOCK_50    ; 1.000        ; 0.000      ; 2.217      ;
; -1.164 ; pwm_display:pwm1|\p_pwm:contador[2] ; pwm_display:pwm1|\p_pwm:contador[0] ; CLOCK_50     ; CLOCK_50    ; 1.000        ; 0.000      ; 2.200      ;
; -1.150 ; pwm_display:pwm1|\p_pwm:contador[4] ; pwm_display:pwm1|\p_pwm:contador[5] ; CLOCK_50     ; CLOCK_50    ; 1.000        ; 0.000      ; 2.186      ;
; -1.146 ; pwm_display:pwm1|\p_pwm:contador[2] ; pwm_display:pwm1|\p_pwm:contador[3] ; CLOCK_50     ; CLOCK_50    ; 1.000        ; 0.000      ; 2.182      ;
; -1.099 ; pwm_display:pwm1|\p_pwm:contador[1] ; pwm_display:pwm1|\p_pwm:contador[4] ; CLOCK_50     ; CLOCK_50    ; 1.000        ; 0.000      ; 2.135      ;
; -1.062 ; pwm_display:pwm1|\p_pwm:contador[6] ; pwm_display:pwm1|pwm                ; CLOCK_50     ; CLOCK_50    ; 1.000        ; 0.001      ; 2.099      ;
; -1.028 ; pwm_display:pwm1|\p_pwm:contador[2] ; pwm_display:pwm1|\p_pwm:contador[4] ; CLOCK_50     ; CLOCK_50    ; 1.000        ; 0.000      ; 2.064      ;
; -1.006 ; pwm_display:pwm1|\p_pwm:contador[6] ; pwm_display:pwm1|\p_pwm:contador[0] ; CLOCK_50     ; CLOCK_50    ; 1.000        ; 0.001      ; 2.043      ;
; -1.003 ; pwm_display:pwm1|\p_pwm:contador[3] ; pwm_display:pwm1|\p_pwm:contador[4] ; CLOCK_50     ; CLOCK_50    ; 1.000        ; 0.000      ; 2.039      ;
; -0.995 ; pwm_display:pwm1|\p_pwm:contador[5] ; pwm_display:pwm1|\p_pwm:contador[4] ; CLOCK_50     ; CLOCK_50    ; 1.000        ; 0.000      ; 2.031      ;
; -0.994 ; pwm_display:pwm1|\p_pwm:contador[5] ; pwm_display:pwm1|\p_pwm:contador[1] ; CLOCK_50     ; CLOCK_50    ; 1.000        ; 0.000      ; 2.030      ;
; -0.993 ; pwm_display:pwm1|\p_pwm:contador[5] ; pwm_display:pwm1|\p_pwm:contador[5] ; CLOCK_50     ; CLOCK_50    ; 1.000        ; 0.000      ; 2.029      ;
; -0.993 ; pwm_display:pwm1|\p_pwm:contador[5] ; pwm_display:pwm1|\p_pwm:contador[3] ; CLOCK_50     ; CLOCK_50    ; 1.000        ; 0.000      ; 2.029      ;
; -0.969 ; pwm_display:pwm1|\p_pwm:contador[4] ; pwm_display:pwm1|\p_pwm:contador[4] ; CLOCK_50     ; CLOCK_50    ; 1.000        ; 0.000      ; 2.005      ;
; -0.968 ; pwm_display:pwm1|\p_pwm:contador[4] ; pwm_display:pwm1|\p_pwm:contador[1] ; CLOCK_50     ; CLOCK_50    ; 1.000        ; 0.000      ; 2.004      ;
; -0.967 ; pwm_display:pwm1|\p_pwm:contador[4] ; pwm_display:pwm1|\p_pwm:contador[3] ; CLOCK_50     ; CLOCK_50    ; 1.000        ; 0.000      ; 2.003      ;
; -0.859 ; pwm_display:pwm1|\p_pwm:contador[3] ; pwm_display:pwm1|\p_pwm:contador[1] ; CLOCK_50     ; CLOCK_50    ; 1.000        ; 0.000      ; 1.895      ;
; -0.858 ; pwm_display:pwm1|\p_pwm:contador[3] ; pwm_display:pwm1|\p_pwm:contador[3] ; CLOCK_50     ; CLOCK_50    ; 1.000        ; 0.000      ; 1.894      ;
; -0.850 ; pwm_display:pwm1|\p_pwm:contador[6] ; pwm_display:pwm1|\p_pwm:contador[6] ; CLOCK_50     ; CLOCK_50    ; 1.000        ; 0.000      ; 1.886      ;
; -0.766 ; pwm_display:pwm1|\p_pwm:contador[1] ; pwm_display:pwm1|\p_pwm:contador[1] ; CLOCK_50     ; CLOCK_50    ; 1.000        ; 0.000      ; 1.802      ;
; -0.566 ; pwm_display:pwm1|\p_pwm:contador[6] ; pwm_display:pwm1|\p_pwm:contador[2] ; CLOCK_50     ; CLOCK_50    ; 1.000        ; 0.001      ; 1.603      ;
; -0.547 ; pwm_display:pwm1|\p_pwm:contador[2] ; pwm_display:pwm1|\p_pwm:contador[1] ; CLOCK_50     ; CLOCK_50    ; 1.000        ; 0.000      ; 1.583      ;
; -0.289 ; pwm_display:pwm1|\p_pwm:vpwm        ; pwm_display:pwm1|\p_pwm:vpwm        ; CLOCK_50     ; CLOCK_50    ; 1.000        ; 0.000      ; 1.325      ;
; -0.259 ; pwm_display:pwm1|\p_pwm:contador[6] ; pwm_display:pwm1|\p_pwm:contador[4] ; CLOCK_50     ; CLOCK_50    ; 1.000        ; 0.001      ; 1.296      ;
; -0.255 ; pwm_display:pwm1|\p_pwm:contador[6] ; pwm_display:pwm1|\p_pwm:contador[1] ; CLOCK_50     ; CLOCK_50    ; 1.000        ; 0.001      ; 1.292      ;
; 0.013  ; pwm_display:pwm1|\p_pwm:contador[6] ; pwm_display:pwm1|\p_pwm:contador[3] ; CLOCK_50     ; CLOCK_50    ; 1.000        ; 0.001      ; 1.024      ;
; 0.016  ; pwm_display:pwm1|\p_pwm:contador[6] ; pwm_display:pwm1|\p_pwm:contador[5] ; CLOCK_50     ; CLOCK_50    ; 1.000        ; 0.001      ; 1.021      ;
; 0.108  ; pwm_display:pwm1|\p_pwm:vpwm        ; pwm_display:pwm1|pwm                ; CLOCK_50     ; CLOCK_50    ; 1.000        ; 0.000      ; 0.928      ;
+--------+-------------------------------------+-------------------------------------+--------------+-------------+--------------+------------+------------+


+---------------------------------------------------------------------------------------------------------------------------------------------------------+
; Slow Model Hold: 'CLOCK_50'                                                                                                                             ;
+-------+-------------------------------------+-------------------------------------+--------------+-------------+--------------+------------+------------+
; Slack ; From Node                           ; To Node                             ; Launch Clock ; Latch Clock ; Relationship ; Clock Skew ; Data Delay ;
+-------+-------------------------------------+-------------------------------------+--------------+-------------+--------------+------------+------------+
; 0.391 ; pwm_display:pwm1|\p_pwm:contador[6] ; pwm_display:pwm1|\p_pwm:contador[6] ; CLOCK_50     ; CLOCK_50    ; 0.000        ; 0.000      ; 0.657      ;
; 0.662 ; pwm_display:pwm1|\p_pwm:vpwm        ; pwm_display:pwm1|pwm                ; CLOCK_50     ; CLOCK_50    ; 0.000        ; 0.000      ; 0.928      ;
; 0.754 ; pwm_display:pwm1|\p_pwm:contador[6] ; pwm_display:pwm1|\p_pwm:contador[5] ; CLOCK_50     ; CLOCK_50    ; 0.000        ; 0.001      ; 1.021      ;
; 0.757 ; pwm_display:pwm1|\p_pwm:contador[6] ; pwm_display:pwm1|\p_pwm:contador[3] ; CLOCK_50     ; CLOCK_50    ; 0.000        ; 0.001      ; 1.024      ;
; 0.995 ; pwm_display:pwm1|\p_pwm:contador[2] ; pwm_display:pwm1|\p_pwm:contador[6] ; CLOCK_50     ; CLOCK_50    ; 0.000        ; -0.001     ; 1.260      ;
; 1.025 ; pwm_display:pwm1|\p_pwm:contador[6] ; pwm_display:pwm1|\p_pwm:contador[1] ; CLOCK_50     ; CLOCK_50    ; 0.000        ; 0.001      ; 1.292      ;
; 1.029 ; pwm_display:pwm1|\p_pwm:contador[6] ; pwm_display:pwm1|\p_pwm:contador[4] ; CLOCK_50     ; CLOCK_50    ; 0.000        ; 0.001      ; 1.296      ;
; 1.033 ; pwm_display:pwm1|\p_pwm:contador[6] ; pwm_display:pwm1|pwm                ; CLOCK_50     ; CLOCK_50    ; 0.000        ; 0.001      ; 1.300      ;
; 1.059 ; pwm_display:pwm1|\p_pwm:vpwm        ; pwm_display:pwm1|\p_pwm:vpwm        ; CLOCK_50     ; CLOCK_50    ; 0.000        ; 0.000      ; 1.325      ;
; 1.307 ; pwm_display:pwm1|\p_pwm:contador[3] ; pwm_display:pwm1|\p_pwm:contador[6] ; CLOCK_50     ; CLOCK_50    ; 0.000        ; -0.001     ; 1.572      ;
; 1.316 ; pwm_display:pwm1|\p_pwm:contador[2] ; pwm_display:pwm1|\p_pwm:contador[5] ; CLOCK_50     ; CLOCK_50    ; 0.000        ; 0.000      ; 1.582      ;
; 1.316 ; pwm_display:pwm1|\p_pwm:contador[2] ; pwm_display:pwm1|\p_pwm:contador[3] ; CLOCK_50     ; CLOCK_50    ; 0.000        ; 0.000      ; 1.582      ;
; 1.317 ; pwm_display:pwm1|\p_pwm:contador[2] ; pwm_display:pwm1|\p_pwm:contador[1] ; CLOCK_50     ; CLOCK_50    ; 0.000        ; 0.000      ; 1.583      ;
; 1.318 ; pwm_display:pwm1|\p_pwm:contador[2] ; pwm_display:pwm1|pwm                ; CLOCK_50     ; CLOCK_50    ; 0.000        ; 0.000      ; 1.584      ;
; 1.318 ; pwm_display:pwm1|\p_pwm:contador[2] ; pwm_display:pwm1|\p_pwm:contador[4] ; CLOCK_50     ; CLOCK_50    ; 0.000        ; 0.000      ; 1.584      ;
; 1.336 ; pwm_display:pwm1|\p_pwm:contador[6] ; pwm_display:pwm1|\p_pwm:contador[2] ; CLOCK_50     ; CLOCK_50    ; 0.000        ; 0.001      ; 1.603      ;
; 1.351 ; pwm_display:pwm1|\p_pwm:contador[4] ; pwm_display:pwm1|\p_pwm:contador[4] ; CLOCK_50     ; CLOCK_50    ; 0.000        ; 0.000      ; 1.617      ;
; 1.416 ; pwm_display:pwm1|\p_pwm:contador[4] ; pwm_display:pwm1|\p_pwm:contador[6] ; CLOCK_50     ; CLOCK_50    ; 0.000        ; -0.001     ; 1.681      ;
; 1.430 ; pwm_display:pwm1|\p_pwm:contador[6] ; pwm_display:pwm1|\p_pwm:vpwm        ; CLOCK_50     ; CLOCK_50    ; 0.000        ; 0.001      ; 1.697      ;
; 1.442 ; pwm_display:pwm1|\p_pwm:contador[5] ; pwm_display:pwm1|\p_pwm:contador[6] ; CLOCK_50     ; CLOCK_50    ; 0.000        ; -0.001     ; 1.707      ;
; 1.536 ; pwm_display:pwm1|\p_pwm:contador[1] ; pwm_display:pwm1|\p_pwm:contador[1] ; CLOCK_50     ; CLOCK_50    ; 0.000        ; 0.000      ; 1.802      ;
; 1.570 ; pwm_display:pwm1|\p_pwm:contador[5] ; pwm_display:pwm1|\p_pwm:contador[5] ; CLOCK_50     ; CLOCK_50    ; 0.000        ; 0.000      ; 1.836      ;
; 1.576 ; pwm_display:pwm1|\p_pwm:contador[3] ; pwm_display:pwm1|\p_pwm:contador[3] ; CLOCK_50     ; CLOCK_50    ; 0.000        ; 0.000      ; 1.842      ;
; 1.628 ; pwm_display:pwm1|\p_pwm:contador[3] ; pwm_display:pwm1|\p_pwm:contador[5] ; CLOCK_50     ; CLOCK_50    ; 0.000        ; 0.000      ; 1.894      ;
; 1.629 ; pwm_display:pwm1|\p_pwm:contador[3] ; pwm_display:pwm1|\p_pwm:contador[1] ; CLOCK_50     ; CLOCK_50    ; 0.000        ; 0.000      ; 1.895      ;
; 1.630 ; pwm_display:pwm1|\p_pwm:contador[3] ; pwm_display:pwm1|pwm                ; CLOCK_50     ; CLOCK_50    ; 0.000        ; 0.000      ; 1.896      ;
; 1.630 ; pwm_display:pwm1|\p_pwm:contador[3] ; pwm_display:pwm1|\p_pwm:contador[4] ; CLOCK_50     ; CLOCK_50    ; 0.000        ; 0.000      ; 1.896      ;
; 1.715 ; pwm_display:pwm1|\p_pwm:contador[2] ; pwm_display:pwm1|\p_pwm:vpwm        ; CLOCK_50     ; CLOCK_50    ; 0.000        ; 0.000      ; 1.981      ;
; 1.737 ; pwm_display:pwm1|\p_pwm:contador[4] ; pwm_display:pwm1|\p_pwm:contador[5] ; CLOCK_50     ; CLOCK_50    ; 0.000        ; 0.000      ; 2.003      ;
; 1.737 ; pwm_display:pwm1|\p_pwm:contador[4] ; pwm_display:pwm1|\p_pwm:contador[3] ; CLOCK_50     ; CLOCK_50    ; 0.000        ; 0.000      ; 2.003      ;
; 1.738 ; pwm_display:pwm1|\p_pwm:contador[4] ; pwm_display:pwm1|\p_pwm:contador[1] ; CLOCK_50     ; CLOCK_50    ; 0.000        ; 0.000      ; 2.004      ;
; 1.739 ; pwm_display:pwm1|\p_pwm:contador[4] ; pwm_display:pwm1|pwm                ; CLOCK_50     ; CLOCK_50    ; 0.000        ; 0.000      ; 2.005      ;
; 1.763 ; pwm_display:pwm1|\p_pwm:contador[5] ; pwm_display:pwm1|\p_pwm:contador[3] ; CLOCK_50     ; CLOCK_50    ; 0.000        ; 0.000      ; 2.029      ;
; 1.764 ; pwm_display:pwm1|\p_pwm:contador[5] ; pwm_display:pwm1|\p_pwm:contador[1] ; CLOCK_50     ; CLOCK_50    ; 0.000        ; 0.000      ; 2.030      ;
; 1.765 ; pwm_display:pwm1|\p_pwm:contador[5] ; pwm_display:pwm1|pwm                ; CLOCK_50     ; CLOCK_50    ; 0.000        ; 0.000      ; 2.031      ;
; 1.765 ; pwm_display:pwm1|\p_pwm:contador[5] ; pwm_display:pwm1|\p_pwm:contador[4] ; CLOCK_50     ; CLOCK_50    ; 0.000        ; 0.000      ; 2.031      ;
; 1.776 ; pwm_display:pwm1|\p_pwm:contador[6] ; pwm_display:pwm1|\p_pwm:contador[0] ; CLOCK_50     ; CLOCK_50    ; 0.000        ; 0.001      ; 2.043      ;
; 1.869 ; pwm_display:pwm1|\p_pwm:contador[1] ; pwm_display:pwm1|\p_pwm:contador[4] ; CLOCK_50     ; CLOCK_50    ; 0.000        ; 0.000      ; 2.135      ;
; 1.909 ; pwm_display:pwm1|\p_pwm:contador[2] ; pwm_display:pwm1|\p_pwm:contador[2] ; CLOCK_50     ; CLOCK_50    ; 0.000        ; 0.000      ; 2.175      ;
; 1.934 ; pwm_display:pwm1|\p_pwm:contador[2] ; pwm_display:pwm1|\p_pwm:contador[0] ; CLOCK_50     ; CLOCK_50    ; 0.000        ; 0.000      ; 2.200      ;
; 1.951 ; pwm_display:pwm1|\p_pwm:contador[0] ; pwm_display:pwm1|\p_pwm:contador[1] ; CLOCK_50     ; CLOCK_50    ; 0.000        ; 0.000      ; 2.217      ;
; 1.972 ; pwm_display:pwm1|\p_pwm:contador[0] ; pwm_display:pwm1|\p_pwm:contador[4] ; CLOCK_50     ; CLOCK_50    ; 0.000        ; 0.000      ; 2.238      ;
; 1.987 ; pwm_display:pwm1|\p_pwm:contador[1] ; pwm_display:pwm1|\p_pwm:contador[3] ; CLOCK_50     ; CLOCK_50    ; 0.000        ; 0.000      ; 2.253      ;
; 2.027 ; pwm_display:pwm1|\p_pwm:contador[3] ; pwm_display:pwm1|\p_pwm:vpwm        ; CLOCK_50     ; CLOCK_50    ; 0.000        ; 0.000      ; 2.293      ;
; 2.090 ; pwm_display:pwm1|\p_pwm:contador[0] ; pwm_display:pwm1|\p_pwm:contador[3] ; CLOCK_50     ; CLOCK_50    ; 0.000        ; 0.000      ; 2.356      ;
; 2.126 ; pwm_display:pwm1|\p_pwm:contador[1] ; pwm_display:pwm1|\p_pwm:contador[5] ; CLOCK_50     ; CLOCK_50    ; 0.000        ; 0.000      ; 2.392      ;
; 2.136 ; pwm_display:pwm1|\p_pwm:contador[4] ; pwm_display:pwm1|\p_pwm:vpwm        ; CLOCK_50     ; CLOCK_50    ; 0.000        ; 0.000      ; 2.402      ;
; 2.162 ; pwm_display:pwm1|\p_pwm:contador[5] ; pwm_display:pwm1|\p_pwm:vpwm        ; CLOCK_50     ; CLOCK_50    ; 0.000        ; 0.000      ; 2.428      ;
; 2.221 ; pwm_display:pwm1|\p_pwm:contador[3] ; pwm_display:pwm1|\p_pwm:contador[2] ; CLOCK_50     ; CLOCK_50    ; 0.000        ; 0.000      ; 2.487      ;
; 2.229 ; pwm_display:pwm1|\p_pwm:contador[0] ; pwm_display:pwm1|\p_pwm:contador[5] ; CLOCK_50     ; CLOCK_50    ; 0.000        ; 0.000      ; 2.495      ;
; 2.246 ; pwm_display:pwm1|\p_pwm:contador[3] ; pwm_display:pwm1|\p_pwm:contador[0] ; CLOCK_50     ; CLOCK_50    ; 0.000        ; 0.000      ; 2.512      ;
; 2.278 ; pwm_display:pwm1|\p_pwm:contador[1] ; pwm_display:pwm1|pwm                ; CLOCK_50     ; CLOCK_50    ; 0.000        ; 0.000      ; 2.544      ;
; 2.328 ; pwm_display:pwm1|\p_pwm:contador[1] ; pwm_display:pwm1|\p_pwm:contador[6] ; CLOCK_50     ; CLOCK_50    ; 0.000        ; -0.001     ; 2.593      ;
; 2.330 ; pwm_display:pwm1|\p_pwm:contador[4] ; pwm_display:pwm1|\p_pwm:contador[2] ; CLOCK_50     ; CLOCK_50    ; 0.000        ; 0.000      ; 2.596      ;
; 2.355 ; pwm_display:pwm1|\p_pwm:contador[4] ; pwm_display:pwm1|\p_pwm:contador[0] ; CLOCK_50     ; CLOCK_50    ; 0.000        ; 0.000      ; 2.621      ;
; 2.356 ; pwm_display:pwm1|\p_pwm:contador[5] ; pwm_display:pwm1|\p_pwm:contador[2] ; CLOCK_50     ; CLOCK_50    ; 0.000        ; 0.000      ; 2.622      ;
; 2.381 ; pwm_display:pwm1|\p_pwm:contador[5] ; pwm_display:pwm1|\p_pwm:contador[0] ; CLOCK_50     ; CLOCK_50    ; 0.000        ; 0.000      ; 2.647      ;
; 2.431 ; pwm_display:pwm1|\p_pwm:contador[0] ; pwm_display:pwm1|\p_pwm:contador[6] ; CLOCK_50     ; CLOCK_50    ; 0.000        ; -0.001     ; 2.696      ;
; 2.440 ; pwm_display:pwm1|\p_pwm:contador[1] ; pwm_display:pwm1|\p_pwm:contador[2] ; CLOCK_50     ; CLOCK_50    ; 0.000        ; 0.000      ; 2.706      ;
; 2.479 ; pwm_display:pwm1|\p_pwm:contador[0] ; pwm_display:pwm1|\p_pwm:contador[0] ; CLOCK_50     ; CLOCK_50    ; 0.000        ; 0.000      ; 2.745      ;
; 2.509 ; pwm_display:pwm1|\p_pwm:contador[0] ; pwm_display:pwm1|pwm                ; CLOCK_50     ; CLOCK_50    ; 0.000        ; 0.000      ; 2.775      ;
; 2.543 ; pwm_display:pwm1|\p_pwm:contador[0] ; pwm_display:pwm1|\p_pwm:contador[2] ; CLOCK_50     ; CLOCK_50    ; 0.000        ; 0.000      ; 2.809      ;
; 2.675 ; pwm_display:pwm1|\p_pwm:contador[1] ; pwm_display:pwm1|\p_pwm:vpwm        ; CLOCK_50     ; CLOCK_50    ; 0.000        ; 0.000      ; 2.941      ;
; 2.906 ; pwm_display:pwm1|\p_pwm:contador[0] ; pwm_display:pwm1|\p_pwm:vpwm        ; CLOCK_50     ; CLOCK_50    ; 0.000        ; 0.000      ; 3.172      ;
+-------+-------------------------------------+-------------------------------------+--------------+-------------+--------------+------------+------------+


+-------------------------------------------------------------------------------------------------------------------------+
; Slow Model Minimum Pulse Width: 'CLOCK_50'                                                                              ;
+--------+--------------+----------------+------------------+----------+------------+-------------------------------------+
; Slack  ; Actual Width ; Required Width ; Type             ; Clock    ; Clock Edge ; Target                              ;
+--------+--------------+----------------+------------------+----------+------------+-------------------------------------+
; -1.380 ; 1.000        ; 2.380          ; Port Rate        ; CLOCK_50 ; Rise       ; CLOCK_50                            ;
; -0.500 ; 0.500        ; 1.000          ; High Pulse Width ; CLOCK_50 ; Fall       ; pwm_display:pwm1|\p_pwm:contador[0] ;
; -0.500 ; 0.500        ; 1.000          ; Low Pulse Width  ; CLOCK_50 ; Fall       ; pwm_display:pwm1|\p_pwm:contador[0] ;
; -0.500 ; 0.500        ; 1.000          ; High Pulse Width ; CLOCK_50 ; Fall       ; pwm_display:pwm1|\p_pwm:contador[1] ;
; -0.500 ; 0.500        ; 1.000          ; Low Pulse Width  ; CLOCK_50 ; Fall       ; pwm_display:pwm1|\p_pwm:contador[1] ;
; -0.500 ; 0.500        ; 1.000          ; High Pulse Width ; CLOCK_50 ; Fall       ; pwm_display:pwm1|\p_pwm:contador[2] ;
; -0.500 ; 0.500        ; 1.000          ; Low Pulse Width  ; CLOCK_50 ; Fall       ; pwm_display:pwm1|\p_pwm:contador[2] ;
; -0.500 ; 0.500        ; 1.000          ; High Pulse Width ; CLOCK_50 ; Fall       ; pwm_display:pwm1|\p_pwm:contador[3] ;
; -0.500 ; 0.500        ; 1.000          ; Low Pulse Width  ; CLOCK_50 ; Fall       ; pwm_display:pwm1|\p_pwm:contador[3] ;
; -0.500 ; 0.500        ; 1.000          ; High Pulse Width ; CLOCK_50 ; Fall       ; pwm_display:pwm1|\p_pwm:contador[4] ;
; -0.500 ; 0.500        ; 1.000          ; Low Pulse Width  ; CLOCK_50 ; Fall       ; pwm_display:pwm1|\p_pwm:contador[4] ;
; -0.500 ; 0.500        ; 1.000          ; High Pulse Width ; CLOCK_50 ; Fall       ; pwm_display:pwm1|\p_pwm:contador[5] ;
; -0.500 ; 0.500        ; 1.000          ; Low Pulse Width  ; CLOCK_50 ; Fall       ; pwm_display:pwm1|\p_pwm:contador[5] ;
; -0.500 ; 0.500        ; 1.000          ; High Pulse Width ; CLOCK_50 ; Fall       ; pwm_display:pwm1|\p_pwm:contador[6] ;
; -0.500 ; 0.500        ; 1.000          ; Low Pulse Width  ; CLOCK_50 ; Fall       ; pwm_display:pwm1|\p_pwm:contador[6] ;
; -0.500 ; 0.500        ; 1.000          ; High Pulse Width ; CLOCK_50 ; Fall       ; pwm_display:pwm1|\p_pwm:vpwm        ;
; -0.500 ; 0.500        ; 1.000          ; Low Pulse Width  ; CLOCK_50 ; Fall       ; pwm_display:pwm1|\p_pwm:vpwm        ;
; -0.500 ; 0.500        ; 1.000          ; High Pulse Width ; CLOCK_50 ; Fall       ; pwm_display:pwm1|pwm                ;
; -0.500 ; 0.500        ; 1.000          ; Low Pulse Width  ; CLOCK_50 ; Fall       ; pwm_display:pwm1|pwm                ;
; 0.500  ; 0.500        ; 0.000          ; High Pulse Width ; CLOCK_50 ; Rise       ; CLOCK_50|combout                    ;
; 0.500  ; 0.500        ; 0.000          ; Low Pulse Width  ; CLOCK_50 ; Rise       ; CLOCK_50|combout                    ;
; 0.500  ; 0.500        ; 0.000          ; High Pulse Width ; CLOCK_50 ; Rise       ; CLOCK_50~clkctrl|inclk[0]           ;
; 0.500  ; 0.500        ; 0.000          ; Low Pulse Width  ; CLOCK_50 ; Rise       ; CLOCK_50~clkctrl|inclk[0]           ;
; 0.500  ; 0.500        ; 0.000          ; High Pulse Width ; CLOCK_50 ; Rise       ; CLOCK_50~clkctrl|outclk             ;
; 0.500  ; 0.500        ; 0.000          ; Low Pulse Width  ; CLOCK_50 ; Rise       ; CLOCK_50~clkctrl|outclk             ;
; 0.500  ; 0.500        ; 0.000          ; High Pulse Width ; CLOCK_50 ; Rise       ; pwm1|\p_pwm:contador[0]|clk         ;
; 0.500  ; 0.500        ; 0.000          ; Low Pulse Width  ; CLOCK_50 ; Rise       ; pwm1|\p_pwm:contador[0]|clk         ;
; 0.500  ; 0.500        ; 0.000          ; High Pulse Width ; CLOCK_50 ; Rise       ; pwm1|\p_pwm:contador[1]|clk         ;
; 0.500  ; 0.500        ; 0.000          ; Low Pulse Width  ; CLOCK_50 ; Rise       ; pwm1|\p_pwm:contador[1]|clk         ;
; 0.500  ; 0.500        ; 0.000          ; High Pulse Width ; CLOCK_50 ; Rise       ; pwm1|\p_pwm:contador[2]|clk         ;
; 0.500  ; 0.500        ; 0.000          ; Low Pulse Width  ; CLOCK_50 ; Rise       ; pwm1|\p_pwm:contador[2]|clk         ;
; 0.500  ; 0.500        ; 0.000          ; High Pulse Width ; CLOCK_50 ; Rise       ; pwm1|\p_pwm:contador[3]|clk         ;
; 0.500  ; 0.500        ; 0.000          ; Low Pulse Width  ; CLOCK_50 ; Rise       ; pwm1|\p_pwm:contador[3]|clk         ;
; 0.500  ; 0.500        ; 0.000          ; High Pulse Width ; CLOCK_50 ; Rise       ; pwm1|\p_pwm:contador[4]|clk         ;
; 0.500  ; 0.500        ; 0.000          ; Low Pulse Width  ; CLOCK_50 ; Rise       ; pwm1|\p_pwm:contador[4]|clk         ;
; 0.500  ; 0.500        ; 0.000          ; High Pulse Width ; CLOCK_50 ; Rise       ; pwm1|\p_pwm:contador[5]|clk         ;
; 0.500  ; 0.500        ; 0.000          ; Low Pulse Width  ; CLOCK_50 ; Rise       ; pwm1|\p_pwm:contador[5]|clk         ;
; 0.500  ; 0.500        ; 0.000          ; High Pulse Width ; CLOCK_50 ; Rise       ; pwm1|\p_pwm:contador[6]|clk         ;
; 0.500  ; 0.500        ; 0.000          ; Low Pulse Width  ; CLOCK_50 ; Rise       ; pwm1|\p_pwm:contador[6]|clk         ;
; 0.500  ; 0.500        ; 0.000          ; High Pulse Width ; CLOCK_50 ; Rise       ; pwm1|\p_pwm:vpwm|clk                ;
; 0.500  ; 0.500        ; 0.000          ; Low Pulse Width  ; CLOCK_50 ; Rise       ; pwm1|\p_pwm:vpwm|clk                ;
; 0.500  ; 0.500        ; 0.000          ; High Pulse Width ; CLOCK_50 ; Rise       ; pwm1|pwm|clk                        ;
; 0.500  ; 0.500        ; 0.000          ; Low Pulse Width  ; CLOCK_50 ; Rise       ; pwm1|pwm|clk                        ;
+--------+--------------+----------------+------------------+----------+------------+-------------------------------------+


+-------------------------------------------------------------------------+
; Clock to Output Times                                                   ;
+-----------+------------+--------+--------+------------+-----------------+
; Data Port ; Clock Port ; Rise   ; Fall   ; Clock Edge ; Clock Reference ;
+-----------+------------+--------+--------+------------+-----------------+
; HEX0[*]   ; CLOCK_50   ; 12.452 ; 12.452 ; Fall       ; CLOCK_50        ;
;  HEX0[0]  ; CLOCK_50   ; 10.891 ; 10.891 ; Fall       ; CLOCK_50        ;
;  HEX0[1]  ; CLOCK_50   ; 11.868 ; 11.868 ; Fall       ; CLOCK_50        ;
;  HEX0[2]  ; CLOCK_50   ; 12.452 ; 12.452 ; Fall       ; CLOCK_50        ;
;  HEX0[3]  ; CLOCK_50   ; 8.489  ; 8.489  ; Fall       ; CLOCK_50        ;
;  HEX0[4]  ; CLOCK_50   ; 8.484  ; 8.484  ; Fall       ; CLOCK_50        ;
;  HEX0[5]  ; CLOCK_50   ; 8.258  ; 8.258  ; Fall       ; CLOCK_50        ;
;  HEX0[6]  ; CLOCK_50   ; 8.255  ; 8.255  ; Fall       ; CLOCK_50        ;
; HEX1[*]   ; CLOCK_50   ; 10.176 ; 10.176 ; Fall       ; CLOCK_50        ;
;  HEX1[0]  ; CLOCK_50   ; 9.260  ; 9.260  ; Fall       ; CLOCK_50        ;
;  HEX1[1]  ; CLOCK_50   ; 9.314  ; 9.314  ; Fall       ; CLOCK_50        ;
;  HEX1[2]  ; CLOCK_50   ; 10.176 ; 10.176 ; Fall       ; CLOCK_50        ;
;  HEX1[3]  ; CLOCK_50   ; 8.954  ; 8.954  ; Fall       ; CLOCK_50        ;
;  HEX1[4]  ; CLOCK_50   ; 9.163  ; 9.163  ; Fall       ; CLOCK_50        ;
;  HEX1[5]  ; CLOCK_50   ; 10.160 ; 10.160 ; Fall       ; CLOCK_50        ;
;  HEX1[6]  ; CLOCK_50   ; 9.602  ; 9.602  ; Fall       ; CLOCK_50        ;
; HEX2[*]   ; CLOCK_50   ; 10.212 ; 10.212 ; Fall       ; CLOCK_50        ;
;  HEX2[0]  ; CLOCK_50   ; 8.840  ; 8.840  ; Fall       ; CLOCK_50        ;
;  HEX2[1]  ; CLOCK_50   ; 8.854  ; 8.854  ; Fall       ; CLOCK_50        ;
;  HEX2[2]  ; CLOCK_50   ; 8.824  ; 8.824  ; Fall       ; CLOCK_50        ;
;  HEX2[3]  ; CLOCK_50   ; 9.372  ; 9.372  ; Fall       ; CLOCK_50        ;
;  HEX2[4]  ; CLOCK_50   ; 9.476  ; 9.476  ; Fall       ; CLOCK_50        ;
;  HEX2[5]  ; CLOCK_50   ; 10.212 ; 10.212 ; Fall       ; CLOCK_50        ;
;  HEX2[6]  ; CLOCK_50   ; 9.890  ; 9.890  ; Fall       ; CLOCK_50        ;
; HEX3[*]   ; CLOCK_50   ; 9.896  ; 9.896  ; Fall       ; CLOCK_50        ;
;  HEX3[0]  ; CLOCK_50   ; 8.789  ; 8.789  ; Fall       ; CLOCK_50        ;
;  HEX3[1]  ; CLOCK_50   ; 8.573  ; 8.573  ; Fall       ; CLOCK_50        ;
;  HEX3[2]  ; CLOCK_50   ; 8.570  ; 8.570  ; Fall       ; CLOCK_50        ;
;  HEX3[3]  ; CLOCK_50   ; 9.332  ; 9.332  ; Fall       ; CLOCK_50        ;
;  HEX3[4]  ; CLOCK_50   ; 9.481  ; 9.481  ; Fall       ; CLOCK_50        ;
;  HEX3[5]  ; CLOCK_50   ; 9.849  ; 9.849  ; Fall       ; CLOCK_50        ;
;  HEX3[6]  ; CLOCK_50   ; 9.896  ; 9.896  ; Fall       ; CLOCK_50        ;
+-----------+------------+--------+--------+------------+-----------------+


+-------------------------------------------------------------------------+
; Minimum Clock to Output Times                                           ;
+-----------+------------+--------+--------+------------+-----------------+
; Data Port ; Clock Port ; Rise   ; Fall   ; Clock Edge ; Clock Reference ;
+-----------+------------+--------+--------+------------+-----------------+
; HEX0[*]   ; CLOCK_50   ; 8.255  ; 8.255  ; Fall       ; CLOCK_50        ;
;  HEX0[0]  ; CLOCK_50   ; 10.891 ; 10.891 ; Fall       ; CLOCK_50        ;
;  HEX0[1]  ; CLOCK_50   ; 11.868 ; 11.868 ; Fall       ; CLOCK_50        ;
;  HEX0[2]  ; CLOCK_50   ; 12.452 ; 12.452 ; Fall       ; CLOCK_50        ;
;  HEX0[3]  ; CLOCK_50   ; 8.489  ; 8.489  ; Fall       ; CLOCK_50        ;
;  HEX0[4]  ; CLOCK_50   ; 8.484  ; 8.484  ; Fall       ; CLOCK_50        ;
;  HEX0[5]  ; CLOCK_50   ; 8.258  ; 8.258  ; Fall       ; CLOCK_50        ;
;  HEX0[6]  ; CLOCK_50   ; 8.255  ; 8.255  ; Fall       ; CLOCK_50        ;
; HEX1[*]   ; CLOCK_50   ; 8.954  ; 8.954  ; Fall       ; CLOCK_50        ;
;  HEX1[0]  ; CLOCK_50   ; 9.260  ; 9.260  ; Fall       ; CLOCK_50        ;
;  HEX1[1]  ; CLOCK_50   ; 9.314  ; 9.314  ; Fall       ; CLOCK_50        ;
;  HEX1[2]  ; CLOCK_50   ; 10.176 ; 10.176 ; Fall       ; CLOCK_50        ;
;  HEX1[3]  ; CLOCK_50   ; 8.954  ; 8.954  ; Fall       ; CLOCK_50        ;
;  HEX1[4]  ; CLOCK_50   ; 9.163  ; 9.163  ; Fall       ; CLOCK_50        ;
;  HEX1[5]  ; CLOCK_50   ; 10.160 ; 10.160 ; Fall       ; CLOCK_50        ;
;  HEX1[6]  ; CLOCK_50   ; 9.602  ; 9.602  ; Fall       ; CLOCK_50        ;
; HEX2[*]   ; CLOCK_50   ; 8.824  ; 8.824  ; Fall       ; CLOCK_50        ;
;  HEX2[0]  ; CLOCK_50   ; 8.840  ; 8.840  ; Fall       ; CLOCK_50        ;
;  HEX2[1]  ; CLOCK_50   ; 8.854  ; 8.854  ; Fall       ; CLOCK_50        ;
;  HEX2[2]  ; CLOCK_50   ; 8.824  ; 8.824  ; Fall       ; CLOCK_50        ;
;  HEX2[3]  ; CLOCK_50   ; 9.372  ; 9.372  ; Fall       ; CLOCK_50        ;
;  HEX2[4]  ; CLOCK_50   ; 9.476  ; 9.476  ; Fall       ; CLOCK_50        ;
;  HEX2[5]  ; CLOCK_50   ; 10.212 ; 10.212 ; Fall       ; CLOCK_50        ;
;  HEX2[6]  ; CLOCK_50   ; 9.890  ; 9.890  ; Fall       ; CLOCK_50        ;
; HEX3[*]   ; CLOCK_50   ; 8.570  ; 8.570  ; Fall       ; CLOCK_50        ;
;  HEX3[0]  ; CLOCK_50   ; 8.789  ; 8.789  ; Fall       ; CLOCK_50        ;
;  HEX3[1]  ; CLOCK_50   ; 8.573  ; 8.573  ; Fall       ; CLOCK_50        ;
;  HEX3[2]  ; CLOCK_50   ; 8.570  ; 8.570  ; Fall       ; CLOCK_50        ;
;  HEX3[3]  ; CLOCK_50   ; 9.332  ; 9.332  ; Fall       ; CLOCK_50        ;
;  HEX3[4]  ; CLOCK_50   ; 9.481  ; 9.481  ; Fall       ; CLOCK_50        ;
;  HEX3[5]  ; CLOCK_50   ; 9.849  ; 9.849  ; Fall       ; CLOCK_50        ;
;  HEX3[6]  ; CLOCK_50   ; 9.896  ; 9.896  ; Fall       ; CLOCK_50        ;
+-----------+------------+--------+--------+------------+-----------------+


+----------------------------------------------------+
; Propagation Delay                                  ;
+------------+-------------+----+-------+-------+----+
; Input Port ; Output Port ; RR ; RF    ; FR    ; FF ;
+------------+-------------+----+-------+-------+----+
; SW[0]      ; HEX0[0]     ;    ; 7.869 ; 7.869 ;    ;
; SW[0]      ; HEX1[0]     ;    ; 6.238 ; 6.238 ;    ;
; SW[0]      ; HEX2[0]     ;    ; 5.818 ; 5.818 ;    ;
; SW[0]      ; HEX3[0]     ;    ; 5.767 ; 5.767 ;    ;
; SW[1]      ; HEX0[1]     ;    ; 8.864 ; 8.864 ;    ;
; SW[1]      ; HEX1[1]     ;    ; 6.310 ; 6.310 ;    ;
; SW[1]      ; HEX2[1]     ;    ; 5.850 ; 5.850 ;    ;
; SW[1]      ; HEX3[1]     ;    ; 5.569 ; 5.569 ;    ;
; SW[2]      ; HEX0[2]     ;    ; 9.434 ; 9.434 ;    ;
; SW[2]      ; HEX1[2]     ;    ; 7.158 ; 7.158 ;    ;
; SW[2]      ; HEX2[2]     ;    ; 5.806 ; 5.806 ;    ;
; SW[2]      ; HEX3[2]     ;    ; 5.552 ; 5.552 ;    ;
; SW[3]      ; HEX0[3]     ;    ; 5.779 ; 5.779 ;    ;
; SW[3]      ; HEX1[3]     ;    ; 6.244 ; 6.244 ;    ;
; SW[3]      ; HEX2[3]     ;    ; 6.662 ; 6.662 ;    ;
; SW[3]      ; HEX3[3]     ;    ; 6.622 ; 6.622 ;    ;
; SW[4]      ; HEX0[4]     ;    ; 5.774 ; 5.774 ;    ;
; SW[4]      ; HEX1[4]     ;    ; 6.453 ; 6.453 ;    ;
; SW[4]      ; HEX2[4]     ;    ; 6.766 ; 6.766 ;    ;
; SW[4]      ; HEX3[4]     ;    ; 6.771 ; 6.771 ;    ;
; SW[5]      ; HEX0[5]     ;    ; 5.528 ; 5.528 ;    ;
; SW[5]      ; HEX1[5]     ;    ; 7.430 ; 7.430 ;    ;
; SW[5]      ; HEX2[5]     ;    ; 7.482 ; 7.482 ;    ;
; SW[5]      ; HEX3[5]     ;    ; 7.119 ; 7.119 ;    ;
; SW[6]      ; HEX0[6]     ;    ; 5.542 ; 5.542 ;    ;
; SW[6]      ; HEX1[6]     ;    ; 6.889 ; 6.889 ;    ;
; SW[6]      ; HEX2[6]     ;    ; 7.177 ; 7.177 ;    ;
; SW[6]      ; HEX3[6]     ;    ; 7.183 ; 7.183 ;    ;
+------------+-------------+----+-------+-------+----+


+----------------------------------------------------+
; Minimum Propagation Delay                          ;
+------------+-------------+----+-------+-------+----+
; Input Port ; Output Port ; RR ; RF    ; FR    ; FF ;
+------------+-------------+----+-------+-------+----+
; SW[0]      ; HEX0[0]     ;    ; 7.869 ; 7.869 ;    ;
; SW[0]      ; HEX1[0]     ;    ; 6.238 ; 6.238 ;    ;
; SW[0]      ; HEX2[0]     ;    ; 5.818 ; 5.818 ;    ;
; SW[0]      ; HEX3[0]     ;    ; 5.767 ; 5.767 ;    ;
; SW[1]      ; HEX0[1]     ;    ; 8.864 ; 8.864 ;    ;
; SW[1]      ; HEX1[1]     ;    ; 6.310 ; 6.310 ;    ;
; SW[1]      ; HEX2[1]     ;    ; 5.850 ; 5.850 ;    ;
; SW[1]      ; HEX3[1]     ;    ; 5.569 ; 5.569 ;    ;
; SW[2]      ; HEX0[2]     ;    ; 9.434 ; 9.434 ;    ;
; SW[2]      ; HEX1[2]     ;    ; 7.158 ; 7.158 ;    ;
; SW[2]      ; HEX2[2]     ;    ; 5.806 ; 5.806 ;    ;
; SW[2]      ; HEX3[2]     ;    ; 5.552 ; 5.552 ;    ;
; SW[3]      ; HEX0[3]     ;    ; 5.779 ; 5.779 ;    ;
; SW[3]      ; HEX1[3]     ;    ; 6.244 ; 6.244 ;    ;
; SW[3]      ; HEX2[3]     ;    ; 6.662 ; 6.662 ;    ;
; SW[3]      ; HEX3[3]     ;    ; 6.622 ; 6.622 ;    ;
; SW[4]      ; HEX0[4]     ;    ; 5.774 ; 5.774 ;    ;
; SW[4]      ; HEX1[4]     ;    ; 6.453 ; 6.453 ;    ;
; SW[4]      ; HEX2[4]     ;    ; 6.766 ; 6.766 ;    ;
; SW[4]      ; HEX3[4]     ;    ; 6.771 ; 6.771 ;    ;
; SW[5]      ; HEX0[5]     ;    ; 5.528 ; 5.528 ;    ;
; SW[5]      ; HEX1[5]     ;    ; 7.430 ; 7.430 ;    ;
; SW[5]      ; HEX2[5]     ;    ; 7.482 ; 7.482 ;    ;
; SW[5]      ; HEX3[5]     ;    ; 7.119 ; 7.119 ;    ;
; SW[6]      ; HEX0[6]     ;    ; 5.542 ; 5.542 ;    ;
; SW[6]      ; HEX1[6]     ;    ; 6.889 ; 6.889 ;    ;
; SW[6]      ; HEX2[6]     ;    ; 7.177 ; 7.177 ;    ;
; SW[6]      ; HEX3[6]     ;    ; 7.183 ; 7.183 ;    ;
+------------+-------------+----+-------+-------+----+


+-----------------------------------+
; Fast Model Setup Summary          ;
+----------+--------+---------------+
; Clock    ; Slack  ; End Point TNS ;
+----------+--------+---------------+
; CLOCK_50 ; -0.460 ; -1.506        ;
+----------+--------+---------------+


+----------------------------------+
; Fast Model Hold Summary          ;
+----------+-------+---------------+
; Clock    ; Slack ; End Point TNS ;
+----------+-------+---------------+
; CLOCK_50 ; 0.215 ; 0.000         ;
+----------+-------+---------------+


-------------------------------
; Fast Model Recovery Summary ;
-------------------------------
No paths to report.


------------------------------
; Fast Model Removal Summary ;
------------------------------
No paths to report.


+----------------------------------------+
; Fast Model Minimum Pulse Width Summary ;
+----------+--------+--------------------+
; Clock    ; Slack  ; End Point TNS      ;
+----------+--------+--------------------+
; CLOCK_50 ; -1.380 ; -10.380            ;
+----------+--------+--------------------+


+----------------------------------------------------------------------------------------------------------------------------------------------------------+
; Fast Model Setup: 'CLOCK_50'                                                                                                                             ;
+--------+-------------------------------------+-------------------------------------+--------------+-------------+--------------+------------+------------+
; Slack  ; From Node                           ; To Node                             ; Launch Clock ; Latch Clock ; Relationship ; Clock Skew ; Data Delay ;
+--------+-------------------------------------+-------------------------------------+--------------+-------------+--------------+------------+------------+
; -0.460 ; pwm_display:pwm1|\p_pwm:contador[0] ; pwm_display:pwm1|\p_pwm:vpwm        ; CLOCK_50     ; CLOCK_50    ; 1.000        ; 0.000      ; 1.492      ;
; -0.415 ; pwm_display:pwm1|\p_pwm:contador[1] ; pwm_display:pwm1|\p_pwm:vpwm        ; CLOCK_50     ; CLOCK_50    ; 1.000        ; 0.000      ; 1.447      ;
; -0.380 ; pwm_display:pwm1|\p_pwm:contador[2] ; pwm_display:pwm1|\p_pwm:vpwm        ; CLOCK_50     ; CLOCK_50    ; 1.000        ; 0.000      ; 1.412      ;
; -0.364 ; pwm_display:pwm1|\p_pwm:contador[3] ; pwm_display:pwm1|\p_pwm:vpwm        ; CLOCK_50     ; CLOCK_50    ; 1.000        ; 0.000      ; 1.396      ;
; -0.313 ; pwm_display:pwm1|\p_pwm:contador[4] ; pwm_display:pwm1|\p_pwm:vpwm        ; CLOCK_50     ; CLOCK_50    ; 1.000        ; 0.000      ; 1.345      ;
; -0.294 ; pwm_display:pwm1|\p_pwm:contador[5] ; pwm_display:pwm1|\p_pwm:vpwm        ; CLOCK_50     ; CLOCK_50    ; 1.000        ; 0.000      ; 1.326      ;
; -0.274 ; pwm_display:pwm1|\p_pwm:contador[0] ; pwm_display:pwm1|pwm                ; CLOCK_50     ; CLOCK_50    ; 1.000        ; 0.000      ; 1.306      ;
; -0.235 ; pwm_display:pwm1|\p_pwm:contador[0] ; pwm_display:pwm1|\p_pwm:contador[0] ; CLOCK_50     ; CLOCK_50    ; 1.000        ; 0.000      ; 1.267      ;
; -0.229 ; pwm_display:pwm1|\p_pwm:contador[1] ; pwm_display:pwm1|pwm                ; CLOCK_50     ; CLOCK_50    ; 1.000        ; 0.000      ; 1.261      ;
; -0.227 ; pwm_display:pwm1|\p_pwm:contador[0] ; pwm_display:pwm1|\p_pwm:contador[2] ; CLOCK_50     ; CLOCK_50    ; 1.000        ; 0.000      ; 1.259      ;
; -0.194 ; pwm_display:pwm1|\p_pwm:contador[2] ; pwm_display:pwm1|pwm                ; CLOCK_50     ; CLOCK_50    ; 1.000        ; 0.000      ; 1.226      ;
; -0.194 ; pwm_display:pwm1|\p_pwm:contador[5] ; pwm_display:pwm1|\p_pwm:contador[2] ; CLOCK_50     ; CLOCK_50    ; 1.000        ; 0.000      ; 1.226      ;
; -0.187 ; pwm_display:pwm1|\p_pwm:contador[5] ; pwm_display:pwm1|\p_pwm:contador[0] ; CLOCK_50     ; CLOCK_50    ; 1.000        ; 0.000      ; 1.219      ;
; -0.185 ; pwm_display:pwm1|\p_pwm:contador[4] ; pwm_display:pwm1|\p_pwm:contador[2] ; CLOCK_50     ; CLOCK_50    ; 1.000        ; 0.000      ; 1.217      ;
; -0.182 ; pwm_display:pwm1|\p_pwm:contador[1] ; pwm_display:pwm1|\p_pwm:contador[2] ; CLOCK_50     ; CLOCK_50    ; 1.000        ; 0.000      ; 1.214      ;
; -0.178 ; pwm_display:pwm1|\p_pwm:contador[3] ; pwm_display:pwm1|pwm                ; CLOCK_50     ; CLOCK_50    ; 1.000        ; 0.000      ; 1.210      ;
; -0.178 ; pwm_display:pwm1|\p_pwm:contador[4] ; pwm_display:pwm1|\p_pwm:contador[0] ; CLOCK_50     ; CLOCK_50    ; 1.000        ; 0.000      ; 1.210      ;
; -0.174 ; pwm_display:pwm1|\p_pwm:contador[0] ; pwm_display:pwm1|\p_pwm:contador[6] ; CLOCK_50     ; CLOCK_50    ; 1.000        ; -0.001     ; 1.205      ;
; -0.132 ; pwm_display:pwm1|\p_pwm:contador[3] ; pwm_display:pwm1|\p_pwm:contador[2] ; CLOCK_50     ; CLOCK_50    ; 1.000        ; 0.000      ; 1.164      ;
; -0.129 ; pwm_display:pwm1|\p_pwm:contador[1] ; pwm_display:pwm1|\p_pwm:contador[6] ; CLOCK_50     ; CLOCK_50    ; 1.000        ; -0.001     ; 1.160      ;
; -0.127 ; pwm_display:pwm1|\p_pwm:contador[6] ; pwm_display:pwm1|\p_pwm:vpwm        ; CLOCK_50     ; CLOCK_50    ; 1.000        ; 0.001      ; 1.160      ;
; -0.127 ; pwm_display:pwm1|\p_pwm:contador[4] ; pwm_display:pwm1|pwm                ; CLOCK_50     ; CLOCK_50    ; 1.000        ; 0.000      ; 1.159      ;
; -0.125 ; pwm_display:pwm1|\p_pwm:contador[3] ; pwm_display:pwm1|\p_pwm:contador[0] ; CLOCK_50     ; CLOCK_50    ; 1.000        ; 0.000      ; 1.157      ;
; -0.108 ; pwm_display:pwm1|\p_pwm:contador[5] ; pwm_display:pwm1|pwm                ; CLOCK_50     ; CLOCK_50    ; 1.000        ; 0.000      ; 1.140      ;
; -0.103 ; pwm_display:pwm1|\p_pwm:contador[0] ; pwm_display:pwm1|\p_pwm:contador[5] ; CLOCK_50     ; CLOCK_50    ; 1.000        ; 0.000      ; 1.135      ;
; -0.094 ; pwm_display:pwm1|\p_pwm:contador[2] ; pwm_display:pwm1|\p_pwm:contador[6] ; CLOCK_50     ; CLOCK_50    ; 1.000        ; -0.001     ; 1.125      ;
; -0.078 ; pwm_display:pwm1|\p_pwm:contador[3] ; pwm_display:pwm1|\p_pwm:contador[6] ; CLOCK_50     ; CLOCK_50    ; 1.000        ; -0.001     ; 1.109      ;
; -0.058 ; pwm_display:pwm1|\p_pwm:contador[1] ; pwm_display:pwm1|\p_pwm:contador[5] ; CLOCK_50     ; CLOCK_50    ; 1.000        ; 0.000      ; 1.090      ;
; -0.044 ; pwm_display:pwm1|\p_pwm:contador[2] ; pwm_display:pwm1|\p_pwm:contador[2] ; CLOCK_50     ; CLOCK_50    ; 1.000        ; 0.000      ; 1.076      ;
; -0.033 ; pwm_display:pwm1|\p_pwm:contador[0] ; pwm_display:pwm1|\p_pwm:contador[3] ; CLOCK_50     ; CLOCK_50    ; 1.000        ; 0.000      ; 1.065      ;
; -0.027 ; pwm_display:pwm1|\p_pwm:contador[4] ; pwm_display:pwm1|\p_pwm:contador[6] ; CLOCK_50     ; CLOCK_50    ; 1.000        ; -0.001     ; 1.058      ;
; -0.023 ; pwm_display:pwm1|\p_pwm:contador[2] ; pwm_display:pwm1|\p_pwm:contador[5] ; CLOCK_50     ; CLOCK_50    ; 1.000        ; 0.000      ; 1.055      ;
; -0.022 ; pwm_display:pwm1|\p_pwm:contador[2] ; pwm_display:pwm1|\p_pwm:contador[0] ; CLOCK_50     ; CLOCK_50    ; 1.000        ; 0.000      ; 1.054      ;
; -0.008 ; pwm_display:pwm1|\p_pwm:contador[5] ; pwm_display:pwm1|\p_pwm:contador[6] ; CLOCK_50     ; CLOCK_50    ; 1.000        ; -0.001     ; 1.039      ;
; -0.007 ; pwm_display:pwm1|\p_pwm:contador[3] ; pwm_display:pwm1|\p_pwm:contador[5] ; CLOCK_50     ; CLOCK_50    ; 1.000        ; 0.000      ; 1.039      ;
; 0.012  ; pwm_display:pwm1|\p_pwm:contador[1] ; pwm_display:pwm1|\p_pwm:contador[3] ; CLOCK_50     ; CLOCK_50    ; 1.000        ; 0.000      ; 1.020      ;
; 0.017  ; pwm_display:pwm1|\p_pwm:contador[0] ; pwm_display:pwm1|\p_pwm:contador[4] ; CLOCK_50     ; CLOCK_50    ; 1.000        ; 0.000      ; 1.015      ;
; 0.036  ; pwm_display:pwm1|\p_pwm:contador[0] ; pwm_display:pwm1|\p_pwm:contador[1] ; CLOCK_50     ; CLOCK_50    ; 1.000        ; 0.000      ; 0.996      ;
; 0.044  ; pwm_display:pwm1|\p_pwm:contador[4] ; pwm_display:pwm1|\p_pwm:contador[5] ; CLOCK_50     ; CLOCK_50    ; 1.000        ; 0.000      ; 0.988      ;
; 0.047  ; pwm_display:pwm1|\p_pwm:contador[2] ; pwm_display:pwm1|\p_pwm:contador[3] ; CLOCK_50     ; CLOCK_50    ; 1.000        ; 0.000      ; 0.985      ;
; 0.059  ; pwm_display:pwm1|\p_pwm:contador[6] ; pwm_display:pwm1|pwm                ; CLOCK_50     ; CLOCK_50    ; 1.000        ; 0.001      ; 0.974      ;
; 0.062  ; pwm_display:pwm1|\p_pwm:contador[1] ; pwm_display:pwm1|\p_pwm:contador[4] ; CLOCK_50     ; CLOCK_50    ; 1.000        ; 0.000      ; 0.970      ;
; 0.079  ; pwm_display:pwm1|\p_pwm:contador[6] ; pwm_display:pwm1|\p_pwm:contador[0] ; CLOCK_50     ; CLOCK_50    ; 1.000        ; 0.001      ; 0.954      ;
; 0.097  ; pwm_display:pwm1|\p_pwm:contador[2] ; pwm_display:pwm1|\p_pwm:contador[4] ; CLOCK_50     ; CLOCK_50    ; 1.000        ; 0.000      ; 0.935      ;
; 0.102  ; pwm_display:pwm1|\p_pwm:contador[5] ; pwm_display:pwm1|\p_pwm:contador[4] ; CLOCK_50     ; CLOCK_50    ; 1.000        ; 0.000      ; 0.930      ;
; 0.104  ; pwm_display:pwm1|\p_pwm:contador[5] ; pwm_display:pwm1|\p_pwm:contador[1] ; CLOCK_50     ; CLOCK_50    ; 1.000        ; 0.000      ; 0.928      ;
; 0.105  ; pwm_display:pwm1|\p_pwm:contador[5] ; pwm_display:pwm1|\p_pwm:contador[5] ; CLOCK_50     ; CLOCK_50    ; 1.000        ; 0.000      ; 0.927      ;
; 0.105  ; pwm_display:pwm1|\p_pwm:contador[5] ; pwm_display:pwm1|\p_pwm:contador[3] ; CLOCK_50     ; CLOCK_50    ; 1.000        ; 0.000      ; 0.927      ;
; 0.111  ; pwm_display:pwm1|\p_pwm:contador[4] ; pwm_display:pwm1|\p_pwm:contador[4] ; CLOCK_50     ; CLOCK_50    ; 1.000        ; 0.000      ; 0.921      ;
; 0.113  ; pwm_display:pwm1|\p_pwm:contador[3] ; pwm_display:pwm1|\p_pwm:contador[4] ; CLOCK_50     ; CLOCK_50    ; 1.000        ; 0.000      ; 0.919      ;
; 0.113  ; pwm_display:pwm1|\p_pwm:contador[4] ; pwm_display:pwm1|\p_pwm:contador[1] ; CLOCK_50     ; CLOCK_50    ; 1.000        ; 0.000      ; 0.919      ;
; 0.114  ; pwm_display:pwm1|\p_pwm:contador[4] ; pwm_display:pwm1|\p_pwm:contador[3] ; CLOCK_50     ; CLOCK_50    ; 1.000        ; 0.000      ; 0.918      ;
; 0.159  ; pwm_display:pwm1|\p_pwm:contador[6] ; pwm_display:pwm1|\p_pwm:contador[6] ; CLOCK_50     ; CLOCK_50    ; 1.000        ; 0.000      ; 0.873      ;
; 0.166  ; pwm_display:pwm1|\p_pwm:contador[3] ; pwm_display:pwm1|\p_pwm:contador[1] ; CLOCK_50     ; CLOCK_50    ; 1.000        ; 0.000      ; 0.866      ;
; 0.167  ; pwm_display:pwm1|\p_pwm:contador[3] ; pwm_display:pwm1|\p_pwm:contador[3] ; CLOCK_50     ; CLOCK_50    ; 1.000        ; 0.000      ; 0.865      ;
; 0.184  ; pwm_display:pwm1|\p_pwm:contador[1] ; pwm_display:pwm1|\p_pwm:contador[1] ; CLOCK_50     ; CLOCK_50    ; 1.000        ; 0.000      ; 0.848      ;
; 0.269  ; pwm_display:pwm1|\p_pwm:contador[2] ; pwm_display:pwm1|\p_pwm:contador[1] ; CLOCK_50     ; CLOCK_50    ; 1.000        ; 0.000      ; 0.763      ;
; 0.270  ; pwm_display:pwm1|\p_pwm:contador[6] ; pwm_display:pwm1|\p_pwm:contador[2] ; CLOCK_50     ; CLOCK_50    ; 1.000        ; 0.001      ; 0.763      ;
; 0.400  ; pwm_display:pwm1|\p_pwm:vpwm        ; pwm_display:pwm1|\p_pwm:vpwm        ; CLOCK_50     ; CLOCK_50    ; 1.000        ; 0.000      ; 0.632      ;
; 0.411  ; pwm_display:pwm1|\p_pwm:contador[6] ; pwm_display:pwm1|\p_pwm:contador[4] ; CLOCK_50     ; CLOCK_50    ; 1.000        ; 0.001      ; 0.622      ;
; 0.415  ; pwm_display:pwm1|\p_pwm:contador[6] ; pwm_display:pwm1|\p_pwm:contador[1] ; CLOCK_50     ; CLOCK_50    ; 1.000        ; 0.001      ; 0.618      ;
; 0.534  ; pwm_display:pwm1|\p_pwm:contador[6] ; pwm_display:pwm1|\p_pwm:contador[3] ; CLOCK_50     ; CLOCK_50    ; 1.000        ; 0.001      ; 0.499      ;
; 0.536  ; pwm_display:pwm1|\p_pwm:contador[6] ; pwm_display:pwm1|\p_pwm:contador[5] ; CLOCK_50     ; CLOCK_50    ; 1.000        ; 0.001      ; 0.497      ;
; 0.586  ; pwm_display:pwm1|\p_pwm:vpwm        ; pwm_display:pwm1|pwm                ; CLOCK_50     ; CLOCK_50    ; 1.000        ; 0.000      ; 0.446      ;
+--------+-------------------------------------+-------------------------------------+--------------+-------------+--------------+------------+------------+


+---------------------------------------------------------------------------------------------------------------------------------------------------------+
; Fast Model Hold: 'CLOCK_50'                                                                                                                             ;
+-------+-------------------------------------+-------------------------------------+--------------+-------------+--------------+------------+------------+
; Slack ; From Node                           ; To Node                             ; Launch Clock ; Latch Clock ; Relationship ; Clock Skew ; Data Delay ;
+-------+-------------------------------------+-------------------------------------+--------------+-------------+--------------+------------+------------+
; 0.215 ; pwm_display:pwm1|\p_pwm:contador[6] ; pwm_display:pwm1|\p_pwm:contador[6] ; CLOCK_50     ; CLOCK_50    ; 0.000        ; 0.000      ; 0.367      ;
; 0.294 ; pwm_display:pwm1|\p_pwm:vpwm        ; pwm_display:pwm1|pwm                ; CLOCK_50     ; CLOCK_50    ; 0.000        ; 0.000      ; 0.446      ;
; 0.344 ; pwm_display:pwm1|\p_pwm:contador[6] ; pwm_display:pwm1|\p_pwm:contador[5] ; CLOCK_50     ; CLOCK_50    ; 0.000        ; 0.001      ; 0.497      ;
; 0.346 ; pwm_display:pwm1|\p_pwm:contador[6] ; pwm_display:pwm1|\p_pwm:contador[3] ; CLOCK_50     ; CLOCK_50    ; 0.000        ; 0.001      ; 0.499      ;
; 0.465 ; pwm_display:pwm1|\p_pwm:contador[6] ; pwm_display:pwm1|\p_pwm:contador[1] ; CLOCK_50     ; CLOCK_50    ; 0.000        ; 0.001      ; 0.618      ;
; 0.469 ; pwm_display:pwm1|\p_pwm:contador[6] ; pwm_display:pwm1|\p_pwm:contador[4] ; CLOCK_50     ; CLOCK_50    ; 0.000        ; 0.001      ; 0.622      ;
; 0.473 ; pwm_display:pwm1|\p_pwm:contador[2] ; pwm_display:pwm1|\p_pwm:contador[6] ; CLOCK_50     ; CLOCK_50    ; 0.000        ; -0.001     ; 0.624      ;
; 0.473 ; pwm_display:pwm1|\p_pwm:contador[6] ; pwm_display:pwm1|pwm                ; CLOCK_50     ; CLOCK_50    ; 0.000        ; 0.001      ; 0.626      ;
; 0.480 ; pwm_display:pwm1|\p_pwm:vpwm        ; pwm_display:pwm1|\p_pwm:vpwm        ; CLOCK_50     ; CLOCK_50    ; 0.000        ; 0.000      ; 0.632      ;
; 0.576 ; pwm_display:pwm1|\p_pwm:contador[3] ; pwm_display:pwm1|\p_pwm:contador[6] ; CLOCK_50     ; CLOCK_50    ; 0.000        ; -0.001     ; 0.727      ;
; 0.610 ; pwm_display:pwm1|\p_pwm:contador[6] ; pwm_display:pwm1|\p_pwm:contador[2] ; CLOCK_50     ; CLOCK_50    ; 0.000        ; 0.001      ; 0.763      ;
; 0.610 ; pwm_display:pwm1|\p_pwm:contador[2] ; pwm_display:pwm1|\p_pwm:contador[5] ; CLOCK_50     ; CLOCK_50    ; 0.000        ; 0.000      ; 0.762      ;
; 0.610 ; pwm_display:pwm1|\p_pwm:contador[2] ; pwm_display:pwm1|\p_pwm:contador[3] ; CLOCK_50     ; CLOCK_50    ; 0.000        ; 0.000      ; 0.762      ;
; 0.611 ; pwm_display:pwm1|\p_pwm:contador[2] ; pwm_display:pwm1|\p_pwm:contador[1] ; CLOCK_50     ; CLOCK_50    ; 0.000        ; 0.000      ; 0.763      ;
; 0.613 ; pwm_display:pwm1|\p_pwm:contador[2] ; pwm_display:pwm1|\p_pwm:contador[4] ; CLOCK_50     ; CLOCK_50    ; 0.000        ; 0.000      ; 0.765      ;
; 0.613 ; pwm_display:pwm1|\p_pwm:contador[4] ; pwm_display:pwm1|\p_pwm:contador[4] ; CLOCK_50     ; CLOCK_50    ; 0.000        ; 0.000      ; 0.765      ;
; 0.620 ; pwm_display:pwm1|\p_pwm:contador[2] ; pwm_display:pwm1|pwm                ; CLOCK_50     ; CLOCK_50    ; 0.000        ; 0.000      ; 0.772      ;
; 0.629 ; pwm_display:pwm1|\p_pwm:contador[4] ; pwm_display:pwm1|\p_pwm:contador[6] ; CLOCK_50     ; CLOCK_50    ; 0.000        ; -0.001     ; 0.780      ;
; 0.638 ; pwm_display:pwm1|\p_pwm:contador[5] ; pwm_display:pwm1|\p_pwm:contador[6] ; CLOCK_50     ; CLOCK_50    ; 0.000        ; -0.001     ; 0.789      ;
; 0.659 ; pwm_display:pwm1|\p_pwm:contador[6] ; pwm_display:pwm1|\p_pwm:vpwm        ; CLOCK_50     ; CLOCK_50    ; 0.000        ; 0.001      ; 0.812      ;
; 0.696 ; pwm_display:pwm1|\p_pwm:contador[1] ; pwm_display:pwm1|\p_pwm:contador[1] ; CLOCK_50     ; CLOCK_50    ; 0.000        ; 0.000      ; 0.848      ;
; 0.712 ; pwm_display:pwm1|\p_pwm:contador[5] ; pwm_display:pwm1|\p_pwm:contador[5] ; CLOCK_50     ; CLOCK_50    ; 0.000        ; 0.000      ; 0.864      ;
; 0.712 ; pwm_display:pwm1|\p_pwm:contador[3] ; pwm_display:pwm1|\p_pwm:contador[3] ; CLOCK_50     ; CLOCK_50    ; 0.000        ; 0.000      ; 0.864      ;
; 0.713 ; pwm_display:pwm1|\p_pwm:contador[3] ; pwm_display:pwm1|\p_pwm:contador[5] ; CLOCK_50     ; CLOCK_50    ; 0.000        ; 0.000      ; 0.865      ;
; 0.714 ; pwm_display:pwm1|\p_pwm:contador[3] ; pwm_display:pwm1|\p_pwm:contador[1] ; CLOCK_50     ; CLOCK_50    ; 0.000        ; 0.000      ; 0.866      ;
; 0.716 ; pwm_display:pwm1|\p_pwm:contador[3] ; pwm_display:pwm1|\p_pwm:contador[4] ; CLOCK_50     ; CLOCK_50    ; 0.000        ; 0.000      ; 0.868      ;
; 0.723 ; pwm_display:pwm1|\p_pwm:contador[3] ; pwm_display:pwm1|pwm                ; CLOCK_50     ; CLOCK_50    ; 0.000        ; 0.000      ; 0.875      ;
; 0.766 ; pwm_display:pwm1|\p_pwm:contador[4] ; pwm_display:pwm1|\p_pwm:contador[5] ; CLOCK_50     ; CLOCK_50    ; 0.000        ; 0.000      ; 0.918      ;
; 0.766 ; pwm_display:pwm1|\p_pwm:contador[4] ; pwm_display:pwm1|\p_pwm:contador[3] ; CLOCK_50     ; CLOCK_50    ; 0.000        ; 0.000      ; 0.918      ;
; 0.767 ; pwm_display:pwm1|\p_pwm:contador[4] ; pwm_display:pwm1|\p_pwm:contador[1] ; CLOCK_50     ; CLOCK_50    ; 0.000        ; 0.000      ; 0.919      ;
; 0.775 ; pwm_display:pwm1|\p_pwm:contador[5] ; pwm_display:pwm1|\p_pwm:contador[3] ; CLOCK_50     ; CLOCK_50    ; 0.000        ; 0.000      ; 0.927      ;
; 0.776 ; pwm_display:pwm1|\p_pwm:contador[5] ; pwm_display:pwm1|\p_pwm:contador[1] ; CLOCK_50     ; CLOCK_50    ; 0.000        ; 0.000      ; 0.928      ;
; 0.776 ; pwm_display:pwm1|\p_pwm:contador[4] ; pwm_display:pwm1|pwm                ; CLOCK_50     ; CLOCK_50    ; 0.000        ; 0.000      ; 0.928      ;
; 0.778 ; pwm_display:pwm1|\p_pwm:contador[5] ; pwm_display:pwm1|\p_pwm:contador[4] ; CLOCK_50     ; CLOCK_50    ; 0.000        ; 0.000      ; 0.930      ;
; 0.785 ; pwm_display:pwm1|\p_pwm:contador[5] ; pwm_display:pwm1|pwm                ; CLOCK_50     ; CLOCK_50    ; 0.000        ; 0.000      ; 0.937      ;
; 0.801 ; pwm_display:pwm1|\p_pwm:contador[6] ; pwm_display:pwm1|\p_pwm:contador[0] ; CLOCK_50     ; CLOCK_50    ; 0.000        ; 0.001      ; 0.954      ;
; 0.806 ; pwm_display:pwm1|\p_pwm:contador[2] ; pwm_display:pwm1|\p_pwm:vpwm        ; CLOCK_50     ; CLOCK_50    ; 0.000        ; 0.000      ; 0.958      ;
; 0.818 ; pwm_display:pwm1|\p_pwm:contador[1] ; pwm_display:pwm1|\p_pwm:contador[4] ; CLOCK_50     ; CLOCK_50    ; 0.000        ; 0.000      ; 0.970      ;
; 0.844 ; pwm_display:pwm1|\p_pwm:contador[0] ; pwm_display:pwm1|\p_pwm:contador[1] ; CLOCK_50     ; CLOCK_50    ; 0.000        ; 0.000      ; 0.996      ;
; 0.863 ; pwm_display:pwm1|\p_pwm:contador[0] ; pwm_display:pwm1|\p_pwm:contador[4] ; CLOCK_50     ; CLOCK_50    ; 0.000        ; 0.000      ; 1.015      ;
; 0.868 ; pwm_display:pwm1|\p_pwm:contador[1] ; pwm_display:pwm1|\p_pwm:contador[3] ; CLOCK_50     ; CLOCK_50    ; 0.000        ; 0.000      ; 1.020      ;
; 0.902 ; pwm_display:pwm1|\p_pwm:contador[2] ; pwm_display:pwm1|\p_pwm:contador[0] ; CLOCK_50     ; CLOCK_50    ; 0.000        ; 0.000      ; 1.054      ;
; 0.909 ; pwm_display:pwm1|\p_pwm:contador[2] ; pwm_display:pwm1|\p_pwm:contador[2] ; CLOCK_50     ; CLOCK_50    ; 0.000        ; 0.000      ; 1.061      ;
; 0.909 ; pwm_display:pwm1|\p_pwm:contador[3] ; pwm_display:pwm1|\p_pwm:vpwm        ; CLOCK_50     ; CLOCK_50    ; 0.000        ; 0.000      ; 1.061      ;
; 0.913 ; pwm_display:pwm1|\p_pwm:contador[0] ; pwm_display:pwm1|\p_pwm:contador[3] ; CLOCK_50     ; CLOCK_50    ; 0.000        ; 0.000      ; 1.065      ;
; 0.938 ; pwm_display:pwm1|\p_pwm:contador[1] ; pwm_display:pwm1|\p_pwm:contador[5] ; CLOCK_50     ; CLOCK_50    ; 0.000        ; 0.000      ; 1.090      ;
; 0.962 ; pwm_display:pwm1|\p_pwm:contador[4] ; pwm_display:pwm1|\p_pwm:vpwm        ; CLOCK_50     ; CLOCK_50    ; 0.000        ; 0.000      ; 1.114      ;
; 0.971 ; pwm_display:pwm1|\p_pwm:contador[5] ; pwm_display:pwm1|\p_pwm:vpwm        ; CLOCK_50     ; CLOCK_50    ; 0.000        ; 0.000      ; 1.123      ;
; 0.980 ; pwm_display:pwm1|\p_pwm:contador[1] ; pwm_display:pwm1|pwm                ; CLOCK_50     ; CLOCK_50    ; 0.000        ; 0.000      ; 1.132      ;
; 0.983 ; pwm_display:pwm1|\p_pwm:contador[0] ; pwm_display:pwm1|\p_pwm:contador[5] ; CLOCK_50     ; CLOCK_50    ; 0.000        ; 0.000      ; 1.135      ;
; 1.005 ; pwm_display:pwm1|\p_pwm:contador[3] ; pwm_display:pwm1|\p_pwm:contador[0] ; CLOCK_50     ; CLOCK_50    ; 0.000        ; 0.000      ; 1.157      ;
; 1.009 ; pwm_display:pwm1|\p_pwm:contador[1] ; pwm_display:pwm1|\p_pwm:contador[6] ; CLOCK_50     ; CLOCK_50    ; 0.000        ; -0.001     ; 1.160      ;
; 1.012 ; pwm_display:pwm1|\p_pwm:contador[3] ; pwm_display:pwm1|\p_pwm:contador[2] ; CLOCK_50     ; CLOCK_50    ; 0.000        ; 0.000      ; 1.164      ;
; 1.054 ; pwm_display:pwm1|\p_pwm:contador[0] ; pwm_display:pwm1|\p_pwm:contador[6] ; CLOCK_50     ; CLOCK_50    ; 0.000        ; -0.001     ; 1.205      ;
; 1.058 ; pwm_display:pwm1|\p_pwm:contador[4] ; pwm_display:pwm1|\p_pwm:contador[0] ; CLOCK_50     ; CLOCK_50    ; 0.000        ; 0.000      ; 1.210      ;
; 1.062 ; pwm_display:pwm1|\p_pwm:contador[1] ; pwm_display:pwm1|\p_pwm:contador[2] ; CLOCK_50     ; CLOCK_50    ; 0.000        ; 0.000      ; 1.214      ;
; 1.065 ; pwm_display:pwm1|\p_pwm:contador[4] ; pwm_display:pwm1|\p_pwm:contador[2] ; CLOCK_50     ; CLOCK_50    ; 0.000        ; 0.000      ; 1.217      ;
; 1.067 ; pwm_display:pwm1|\p_pwm:contador[5] ; pwm_display:pwm1|\p_pwm:contador[0] ; CLOCK_50     ; CLOCK_50    ; 0.000        ; 0.000      ; 1.219      ;
; 1.074 ; pwm_display:pwm1|\p_pwm:contador[5] ; pwm_display:pwm1|\p_pwm:contador[2] ; CLOCK_50     ; CLOCK_50    ; 0.000        ; 0.000      ; 1.226      ;
; 1.076 ; pwm_display:pwm1|\p_pwm:contador[0] ; pwm_display:pwm1|pwm                ; CLOCK_50     ; CLOCK_50    ; 0.000        ; 0.000      ; 1.228      ;
; 1.107 ; pwm_display:pwm1|\p_pwm:contador[0] ; pwm_display:pwm1|\p_pwm:contador[2] ; CLOCK_50     ; CLOCK_50    ; 0.000        ; 0.000      ; 1.259      ;
; 1.115 ; pwm_display:pwm1|\p_pwm:contador[0] ; pwm_display:pwm1|\p_pwm:contador[0] ; CLOCK_50     ; CLOCK_50    ; 0.000        ; 0.000      ; 1.267      ;
; 1.166 ; pwm_display:pwm1|\p_pwm:contador[1] ; pwm_display:pwm1|\p_pwm:vpwm        ; CLOCK_50     ; CLOCK_50    ; 0.000        ; 0.000      ; 1.318      ;
; 1.262 ; pwm_display:pwm1|\p_pwm:contador[0] ; pwm_display:pwm1|\p_pwm:vpwm        ; CLOCK_50     ; CLOCK_50    ; 0.000        ; 0.000      ; 1.414      ;
+-------+-------------------------------------+-------------------------------------+--------------+-------------+--------------+------------+------------+


+-------------------------------------------------------------------------------------------------------------------------+
; Fast Model Minimum Pulse Width: 'CLOCK_50'                                                                              ;
+--------+--------------+----------------+------------------+----------+------------+-------------------------------------+
; Slack  ; Actual Width ; Required Width ; Type             ; Clock    ; Clock Edge ; Target                              ;
+--------+--------------+----------------+------------------+----------+------------+-------------------------------------+
; -1.380 ; 1.000        ; 2.380          ; Port Rate        ; CLOCK_50 ; Rise       ; CLOCK_50                            ;
; -0.500 ; 0.500        ; 1.000          ; High Pulse Width ; CLOCK_50 ; Fall       ; pwm_display:pwm1|\p_pwm:contador[0] ;
; -0.500 ; 0.500        ; 1.000          ; Low Pulse Width  ; CLOCK_50 ; Fall       ; pwm_display:pwm1|\p_pwm:contador[0] ;
; -0.500 ; 0.500        ; 1.000          ; High Pulse Width ; CLOCK_50 ; Fall       ; pwm_display:pwm1|\p_pwm:contador[1] ;
; -0.500 ; 0.500        ; 1.000          ; Low Pulse Width  ; CLOCK_50 ; Fall       ; pwm_display:pwm1|\p_pwm:contador[1] ;
; -0.500 ; 0.500        ; 1.000          ; High Pulse Width ; CLOCK_50 ; Fall       ; pwm_display:pwm1|\p_pwm:contador[2] ;
; -0.500 ; 0.500        ; 1.000          ; Low Pulse Width  ; CLOCK_50 ; Fall       ; pwm_display:pwm1|\p_pwm:contador[2] ;
; -0.500 ; 0.500        ; 1.000          ; High Pulse Width ; CLOCK_50 ; Fall       ; pwm_display:pwm1|\p_pwm:contador[3] ;
; -0.500 ; 0.500        ; 1.000          ; Low Pulse Width  ; CLOCK_50 ; Fall       ; pwm_display:pwm1|\p_pwm:contador[3] ;
; -0.500 ; 0.500        ; 1.000          ; High Pulse Width ; CLOCK_50 ; Fall       ; pwm_display:pwm1|\p_pwm:contador[4] ;
; -0.500 ; 0.500        ; 1.000          ; Low Pulse Width  ; CLOCK_50 ; Fall       ; pwm_display:pwm1|\p_pwm:contador[4] ;
; -0.500 ; 0.500        ; 1.000          ; High Pulse Width ; CLOCK_50 ; Fall       ; pwm_display:pwm1|\p_pwm:contador[5] ;
; -0.500 ; 0.500        ; 1.000          ; Low Pulse Width  ; CLOCK_50 ; Fall       ; pwm_display:pwm1|\p_pwm:contador[5] ;
; -0.500 ; 0.500        ; 1.000          ; High Pulse Width ; CLOCK_50 ; Fall       ; pwm_display:pwm1|\p_pwm:contador[6] ;
; -0.500 ; 0.500        ; 1.000          ; Low Pulse Width  ; CLOCK_50 ; Fall       ; pwm_display:pwm1|\p_pwm:contador[6] ;
; -0.500 ; 0.500        ; 1.000          ; High Pulse Width ; CLOCK_50 ; Fall       ; pwm_display:pwm1|\p_pwm:vpwm        ;
; -0.500 ; 0.500        ; 1.000          ; Low Pulse Width  ; CLOCK_50 ; Fall       ; pwm_display:pwm1|\p_pwm:vpwm        ;
; -0.500 ; 0.500        ; 1.000          ; High Pulse Width ; CLOCK_50 ; Fall       ; pwm_display:pwm1|pwm                ;
; -0.500 ; 0.500        ; 1.000          ; Low Pulse Width  ; CLOCK_50 ; Fall       ; pwm_display:pwm1|pwm                ;
; 0.500  ; 0.500        ; 0.000          ; High Pulse Width ; CLOCK_50 ; Rise       ; CLOCK_50|combout                    ;
; 0.500  ; 0.500        ; 0.000          ; Low Pulse Width  ; CLOCK_50 ; Rise       ; CLOCK_50|combout                    ;
; 0.500  ; 0.500        ; 0.000          ; High Pulse Width ; CLOCK_50 ; Rise       ; CLOCK_50~clkctrl|inclk[0]           ;
; 0.500  ; 0.500        ; 0.000          ; Low Pulse Width  ; CLOCK_50 ; Rise       ; CLOCK_50~clkctrl|inclk[0]           ;
; 0.500  ; 0.500        ; 0.000          ; High Pulse Width ; CLOCK_50 ; Rise       ; CLOCK_50~clkctrl|outclk             ;
; 0.500  ; 0.500        ; 0.000          ; Low Pulse Width  ; CLOCK_50 ; Rise       ; CLOCK_50~clkctrl|outclk             ;
; 0.500  ; 0.500        ; 0.000          ; High Pulse Width ; CLOCK_50 ; Rise       ; pwm1|\p_pwm:contador[0]|clk         ;
; 0.500  ; 0.500        ; 0.000          ; Low Pulse Width  ; CLOCK_50 ; Rise       ; pwm1|\p_pwm:contador[0]|clk         ;
; 0.500  ; 0.500        ; 0.000          ; High Pulse Width ; CLOCK_50 ; Rise       ; pwm1|\p_pwm:contador[1]|clk         ;
; 0.500  ; 0.500        ; 0.000          ; Low Pulse Width  ; CLOCK_50 ; Rise       ; pwm1|\p_pwm:contador[1]|clk         ;
; 0.500  ; 0.500        ; 0.000          ; High Pulse Width ; CLOCK_50 ; Rise       ; pwm1|\p_pwm:contador[2]|clk         ;
; 0.500  ; 0.500        ; 0.000          ; Low Pulse Width  ; CLOCK_50 ; Rise       ; pwm1|\p_pwm:contador[2]|clk         ;
; 0.500  ; 0.500        ; 0.000          ; High Pulse Width ; CLOCK_50 ; Rise       ; pwm1|\p_pwm:contador[3]|clk         ;
; 0.500  ; 0.500        ; 0.000          ; Low Pulse Width  ; CLOCK_50 ; Rise       ; pwm1|\p_pwm:contador[3]|clk         ;
; 0.500  ; 0.500        ; 0.000          ; High Pulse Width ; CLOCK_50 ; Rise       ; pwm1|\p_pwm:contador[4]|clk         ;
; 0.500  ; 0.500        ; 0.000          ; Low Pulse Width  ; CLOCK_50 ; Rise       ; pwm1|\p_pwm:contador[4]|clk         ;
; 0.500  ; 0.500        ; 0.000          ; High Pulse Width ; CLOCK_50 ; Rise       ; pwm1|\p_pwm:contador[5]|clk         ;
; 0.500  ; 0.500        ; 0.000          ; Low Pulse Width  ; CLOCK_50 ; Rise       ; pwm1|\p_pwm:contador[5]|clk         ;
; 0.500  ; 0.500        ; 0.000          ; High Pulse Width ; CLOCK_50 ; Rise       ; pwm1|\p_pwm:contador[6]|clk         ;
; 0.500  ; 0.500        ; 0.000          ; Low Pulse Width  ; CLOCK_50 ; Rise       ; pwm1|\p_pwm:contador[6]|clk         ;
; 0.500  ; 0.500        ; 0.000          ; High Pulse Width ; CLOCK_50 ; Rise       ; pwm1|\p_pwm:vpwm|clk                ;
; 0.500  ; 0.500        ; 0.000          ; Low Pulse Width  ; CLOCK_50 ; Rise       ; pwm1|\p_pwm:vpwm|clk                ;
; 0.500  ; 0.500        ; 0.000          ; High Pulse Width ; CLOCK_50 ; Rise       ; pwm1|pwm|clk                        ;
; 0.500  ; 0.500        ; 0.000          ; Low Pulse Width  ; CLOCK_50 ; Rise       ; pwm1|pwm|clk                        ;
+--------+--------------+----------------+------------------+----------+------------+-------------------------------------+


+-----------------------------------------------------------------------+
; Clock to Output Times                                                 ;
+-----------+------------+-------+-------+------------+-----------------+
; Data Port ; Clock Port ; Rise  ; Fall  ; Clock Edge ; Clock Reference ;
+-----------+------------+-------+-------+------------+-----------------+
; HEX0[*]   ; CLOCK_50   ; 6.590 ; 6.590 ; Fall       ; CLOCK_50        ;
;  HEX0[0]  ; CLOCK_50   ; 5.748 ; 5.748 ; Fall       ; CLOCK_50        ;
;  HEX0[1]  ; CLOCK_50   ; 6.281 ; 6.281 ; Fall       ; CLOCK_50        ;
;  HEX0[2]  ; CLOCK_50   ; 6.590 ; 6.590 ; Fall       ; CLOCK_50        ;
;  HEX0[3]  ; CLOCK_50   ; 4.622 ; 4.622 ; Fall       ; CLOCK_50        ;
;  HEX0[4]  ; CLOCK_50   ; 4.618 ; 4.618 ; Fall       ; CLOCK_50        ;
;  HEX0[5]  ; CLOCK_50   ; 4.517 ; 4.517 ; Fall       ; CLOCK_50        ;
;  HEX0[6]  ; CLOCK_50   ; 4.510 ; 4.510 ; Fall       ; CLOCK_50        ;
; HEX1[*]   ; CLOCK_50   ; 5.426 ; 5.426 ; Fall       ; CLOCK_50        ;
;  HEX1[0]  ; CLOCK_50   ; 4.941 ; 4.941 ; Fall       ; CLOCK_50        ;
;  HEX1[1]  ; CLOCK_50   ; 4.966 ; 4.966 ; Fall       ; CLOCK_50        ;
;  HEX1[2]  ; CLOCK_50   ; 5.329 ; 5.329 ; Fall       ; CLOCK_50        ;
;  HEX1[3]  ; CLOCK_50   ; 4.827 ; 4.827 ; Fall       ; CLOCK_50        ;
;  HEX1[4]  ; CLOCK_50   ; 4.920 ; 4.920 ; Fall       ; CLOCK_50        ;
;  HEX1[5]  ; CLOCK_50   ; 5.426 ; 5.426 ; Fall       ; CLOCK_50        ;
;  HEX1[6]  ; CLOCK_50   ; 5.111 ; 5.111 ; Fall       ; CLOCK_50        ;
; HEX2[*]   ; CLOCK_50   ; 5.454 ; 5.454 ; Fall       ; CLOCK_50        ;
;  HEX2[0]  ; CLOCK_50   ; 4.710 ; 4.710 ; Fall       ; CLOCK_50        ;
;  HEX2[1]  ; CLOCK_50   ; 4.697 ; 4.697 ; Fall       ; CLOCK_50        ;
;  HEX2[2]  ; CLOCK_50   ; 4.704 ; 4.704 ; Fall       ; CLOCK_50        ;
;  HEX2[3]  ; CLOCK_50   ; 5.044 ; 5.044 ; Fall       ; CLOCK_50        ;
;  HEX2[4]  ; CLOCK_50   ; 5.077 ; 5.077 ; Fall       ; CLOCK_50        ;
;  HEX2[5]  ; CLOCK_50   ; 5.454 ; 5.454 ; Fall       ; CLOCK_50        ;
;  HEX2[6]  ; CLOCK_50   ; 5.242 ; 5.242 ; Fall       ; CLOCK_50        ;
; HEX3[*]   ; CLOCK_50   ; 5.275 ; 5.275 ; Fall       ; CLOCK_50        ;
;  HEX3[0]  ; CLOCK_50   ; 4.666 ; 4.666 ; Fall       ; CLOCK_50        ;
;  HEX3[1]  ; CLOCK_50   ; 4.585 ; 4.585 ; Fall       ; CLOCK_50        ;
;  HEX3[2]  ; CLOCK_50   ; 4.581 ; 4.581 ; Fall       ; CLOCK_50        ;
;  HEX3[3]  ; CLOCK_50   ; 5.025 ; 5.025 ; Fall       ; CLOCK_50        ;
;  HEX3[4]  ; CLOCK_50   ; 5.081 ; 5.081 ; Fall       ; CLOCK_50        ;
;  HEX3[5]  ; CLOCK_50   ; 5.275 ; 5.275 ; Fall       ; CLOCK_50        ;
;  HEX3[6]  ; CLOCK_50   ; 5.245 ; 5.245 ; Fall       ; CLOCK_50        ;
+-----------+------------+-------+-------+------------+-----------------+


+-----------------------------------------------------------------------+
; Minimum Clock to Output Times                                         ;
+-----------+------------+-------+-------+------------+-----------------+
; Data Port ; Clock Port ; Rise  ; Fall  ; Clock Edge ; Clock Reference ;
+-----------+------------+-------+-------+------------+-----------------+
; HEX0[*]   ; CLOCK_50   ; 4.510 ; 4.510 ; Fall       ; CLOCK_50        ;
;  HEX0[0]  ; CLOCK_50   ; 5.748 ; 5.748 ; Fall       ; CLOCK_50        ;
;  HEX0[1]  ; CLOCK_50   ; 6.281 ; 6.281 ; Fall       ; CLOCK_50        ;
;  HEX0[2]  ; CLOCK_50   ; 6.590 ; 6.590 ; Fall       ; CLOCK_50        ;
;  HEX0[3]  ; CLOCK_50   ; 4.622 ; 4.622 ; Fall       ; CLOCK_50        ;
;  HEX0[4]  ; CLOCK_50   ; 4.618 ; 4.618 ; Fall       ; CLOCK_50        ;
;  HEX0[5]  ; CLOCK_50   ; 4.517 ; 4.517 ; Fall       ; CLOCK_50        ;
;  HEX0[6]  ; CLOCK_50   ; 4.510 ; 4.510 ; Fall       ; CLOCK_50        ;
; HEX1[*]   ; CLOCK_50   ; 4.827 ; 4.827 ; Fall       ; CLOCK_50        ;
;  HEX1[0]  ; CLOCK_50   ; 4.941 ; 4.941 ; Fall       ; CLOCK_50        ;
;  HEX1[1]  ; CLOCK_50   ; 4.966 ; 4.966 ; Fall       ; CLOCK_50        ;
;  HEX1[2]  ; CLOCK_50   ; 5.329 ; 5.329 ; Fall       ; CLOCK_50        ;
;  HEX1[3]  ; CLOCK_50   ; 4.827 ; 4.827 ; Fall       ; CLOCK_50        ;
;  HEX1[4]  ; CLOCK_50   ; 4.920 ; 4.920 ; Fall       ; CLOCK_50        ;
;  HEX1[5]  ; CLOCK_50   ; 5.426 ; 5.426 ; Fall       ; CLOCK_50        ;
;  HEX1[6]  ; CLOCK_50   ; 5.111 ; 5.111 ; Fall       ; CLOCK_50        ;
; HEX2[*]   ; CLOCK_50   ; 4.697 ; 4.697 ; Fall       ; CLOCK_50        ;
;  HEX2[0]  ; CLOCK_50   ; 4.710 ; 4.710 ; Fall       ; CLOCK_50        ;
;  HEX2[1]  ; CLOCK_50   ; 4.697 ; 4.697 ; Fall       ; CLOCK_50        ;
;  HEX2[2]  ; CLOCK_50   ; 4.704 ; 4.704 ; Fall       ; CLOCK_50        ;
;  HEX2[3]  ; CLOCK_50   ; 5.044 ; 5.044 ; Fall       ; CLOCK_50        ;
;  HEX2[4]  ; CLOCK_50   ; 5.077 ; 5.077 ; Fall       ; CLOCK_50        ;
;  HEX2[5]  ; CLOCK_50   ; 5.454 ; 5.454 ; Fall       ; CLOCK_50        ;
;  HEX2[6]  ; CLOCK_50   ; 5.242 ; 5.242 ; Fall       ; CLOCK_50        ;
; HEX3[*]   ; CLOCK_50   ; 4.581 ; 4.581 ; Fall       ; CLOCK_50        ;
;  HEX3[0]  ; CLOCK_50   ; 4.666 ; 4.666 ; Fall       ; CLOCK_50        ;
;  HEX3[1]  ; CLOCK_50   ; 4.585 ; 4.585 ; Fall       ; CLOCK_50        ;
;  HEX3[2]  ; CLOCK_50   ; 4.581 ; 4.581 ; Fall       ; CLOCK_50        ;
;  HEX3[3]  ; CLOCK_50   ; 5.025 ; 5.025 ; Fall       ; CLOCK_50        ;
;  HEX3[4]  ; CLOCK_50   ; 5.081 ; 5.081 ; Fall       ; CLOCK_50        ;
;  HEX3[5]  ; CLOCK_50   ; 5.275 ; 5.275 ; Fall       ; CLOCK_50        ;
;  HEX3[6]  ; CLOCK_50   ; 5.245 ; 5.245 ; Fall       ; CLOCK_50        ;
+-----------+------------+-------+-------+------------+-----------------+


+----------------------------------------------------+
; Propagation Delay                                  ;
+------------+-------------+----+-------+-------+----+
; Input Port ; Output Port ; RR ; RF    ; FR    ; FF ;
+------------+-------------+----+-------+-------+----+
; SW[0]      ; HEX0[0]     ;    ; 4.070 ; 4.070 ;    ;
; SW[0]      ; HEX1[0]     ;    ; 3.263 ; 3.263 ;    ;
; SW[0]      ; HEX2[0]     ;    ; 3.032 ; 3.032 ;    ;
; SW[0]      ; HEX3[0]     ;    ; 2.988 ; 2.988 ;    ;
; SW[1]      ; HEX0[1]     ;    ; 4.612 ; 4.612 ;    ;
; SW[1]      ; HEX1[1]     ;    ; 3.297 ; 3.297 ;    ;
; SW[1]      ; HEX2[1]     ;    ; 3.028 ; 3.028 ;    ;
; SW[1]      ; HEX3[1]     ;    ; 2.916 ; 2.916 ;    ;
; SW[2]      ; HEX0[2]     ;    ; 4.914 ; 4.914 ;    ;
; SW[2]      ; HEX1[2]     ;    ; 3.653 ; 3.653 ;    ;
; SW[2]      ; HEX2[2]     ;    ; 3.028 ; 3.028 ;    ;
; SW[2]      ; HEX3[2]     ;    ; 2.905 ; 2.905 ;    ;
; SW[3]      ; HEX0[3]     ;    ; 2.994 ; 2.994 ;    ;
; SW[3]      ; HEX1[3]     ;    ; 3.199 ; 3.199 ;    ;
; SW[3]      ; HEX2[3]     ;    ; 3.416 ; 3.416 ;    ;
; SW[3]      ; HEX3[3]     ;    ; 3.397 ; 3.397 ;    ;
; SW[4]      ; HEX0[4]     ;    ; 2.990 ; 2.990 ;    ;
; SW[4]      ; HEX1[4]     ;    ; 3.292 ; 3.292 ;    ;
; SW[4]      ; HEX2[4]     ;    ; 3.449 ; 3.449 ;    ;
; SW[4]      ; HEX3[4]     ;    ; 3.453 ; 3.453 ;    ;
; SW[5]      ; HEX0[5]     ;    ; 2.872 ; 2.872 ;    ;
; SW[5]      ; HEX1[5]     ;    ; 3.781 ; 3.781 ;    ;
; SW[5]      ; HEX2[5]     ;    ; 3.809 ; 3.809 ;    ;
; SW[5]      ; HEX3[5]     ;    ; 3.630 ; 3.630 ;    ;
; SW[6]      ; HEX0[6]     ;    ; 2.878 ; 2.878 ;    ;
; SW[6]      ; HEX1[6]     ;    ; 3.479 ; 3.479 ;    ;
; SW[6]      ; HEX2[6]     ;    ; 3.610 ; 3.610 ;    ;
; SW[6]      ; HEX3[6]     ;    ; 3.613 ; 3.613 ;    ;
+------------+-------------+----+-------+-------+----+


+----------------------------------------------------+
; Minimum Propagation Delay                          ;
+------------+-------------+----+-------+-------+----+
; Input Port ; Output Port ; RR ; RF    ; FR    ; FF ;
+------------+-------------+----+-------+-------+----+
; SW[0]      ; HEX0[0]     ;    ; 4.070 ; 4.070 ;    ;
; SW[0]      ; HEX1[0]     ;    ; 3.263 ; 3.263 ;    ;
; SW[0]      ; HEX2[0]     ;    ; 3.032 ; 3.032 ;    ;
; SW[0]      ; HEX3[0]     ;    ; 2.988 ; 2.988 ;    ;
; SW[1]      ; HEX0[1]     ;    ; 4.612 ; 4.612 ;    ;
; SW[1]      ; HEX1[1]     ;    ; 3.297 ; 3.297 ;    ;
; SW[1]      ; HEX2[1]     ;    ; 3.028 ; 3.028 ;    ;
; SW[1]      ; HEX3[1]     ;    ; 2.916 ; 2.916 ;    ;
; SW[2]      ; HEX0[2]     ;    ; 4.914 ; 4.914 ;    ;
; SW[2]      ; HEX1[2]     ;    ; 3.653 ; 3.653 ;    ;
; SW[2]      ; HEX2[2]     ;    ; 3.028 ; 3.028 ;    ;
; SW[2]      ; HEX3[2]     ;    ; 2.905 ; 2.905 ;    ;
; SW[3]      ; HEX0[3]     ;    ; 2.994 ; 2.994 ;    ;
; SW[3]      ; HEX1[3]     ;    ; 3.199 ; 3.199 ;    ;
; SW[3]      ; HEX2[3]     ;    ; 3.416 ; 3.416 ;    ;
; SW[3]      ; HEX3[3]     ;    ; 3.397 ; 3.397 ;    ;
; SW[4]      ; HEX0[4]     ;    ; 2.990 ; 2.990 ;    ;
; SW[4]      ; HEX1[4]     ;    ; 3.292 ; 3.292 ;    ;
; SW[4]      ; HEX2[4]     ;    ; 3.449 ; 3.449 ;    ;
; SW[4]      ; HEX3[4]     ;    ; 3.453 ; 3.453 ;    ;
; SW[5]      ; HEX0[5]     ;    ; 2.872 ; 2.872 ;    ;
; SW[5]      ; HEX1[5]     ;    ; 3.781 ; 3.781 ;    ;
; SW[5]      ; HEX2[5]     ;    ; 3.809 ; 3.809 ;    ;
; SW[5]      ; HEX3[5]     ;    ; 3.630 ; 3.630 ;    ;
; SW[6]      ; HEX0[6]     ;    ; 2.878 ; 2.878 ;    ;
; SW[6]      ; HEX1[6]     ;    ; 3.479 ; 3.479 ;    ;
; SW[6]      ; HEX2[6]     ;    ; 3.610 ; 3.610 ;    ;
; SW[6]      ; HEX3[6]     ;    ; 3.613 ; 3.613 ;    ;
+------------+-------------+----+-------+-------+----+


+-------------------------------------------------------------------------------+
; Multicorner Timing Analysis Summary                                           ;
+------------------+---------+-------+----------+---------+---------------------+
; Clock            ; Setup   ; Hold  ; Recovery ; Removal ; Minimum Pulse Width ;
+------------------+---------+-------+----------+---------+---------------------+
; Worst-case Slack ; -2.320  ; 0.215 ; N/A      ; N/A     ; -1.380              ;
;  CLOCK_50        ; -2.320  ; 0.215 ; N/A      ; N/A     ; -1.380              ;
; Design-wide TNS  ; -14.548 ; 0.0   ; 0.0      ; 0.0     ; -10.38              ;
;  CLOCK_50        ; -14.548 ; 0.000 ; N/A      ; N/A     ; -10.380             ;
+------------------+---------+-------+----------+---------+---------------------+


+-------------------------------------------------------------------------+
; Clock to Output Times                                                   ;
+-----------+------------+--------+--------+------------+-----------------+
; Data Port ; Clock Port ; Rise   ; Fall   ; Clock Edge ; Clock Reference ;
+-----------+------------+--------+--------+------------+-----------------+
; HEX0[*]   ; CLOCK_50   ; 12.452 ; 12.452 ; Fall       ; CLOCK_50        ;
;  HEX0[0]  ; CLOCK_50   ; 10.891 ; 10.891 ; Fall       ; CLOCK_50        ;
;  HEX0[1]  ; CLOCK_50   ; 11.868 ; 11.868 ; Fall       ; CLOCK_50        ;
;  HEX0[2]  ; CLOCK_50   ; 12.452 ; 12.452 ; Fall       ; CLOCK_50        ;
;  HEX0[3]  ; CLOCK_50   ; 8.489  ; 8.489  ; Fall       ; CLOCK_50        ;
;  HEX0[4]  ; CLOCK_50   ; 8.484  ; 8.484  ; Fall       ; CLOCK_50        ;
;  HEX0[5]  ; CLOCK_50   ; 8.258  ; 8.258  ; Fall       ; CLOCK_50        ;
;  HEX0[6]  ; CLOCK_50   ; 8.255  ; 8.255  ; Fall       ; CLOCK_50        ;
; HEX1[*]   ; CLOCK_50   ; 10.176 ; 10.176 ; Fall       ; CLOCK_50        ;
;  HEX1[0]  ; CLOCK_50   ; 9.260  ; 9.260  ; Fall       ; CLOCK_50        ;
;  HEX1[1]  ; CLOCK_50   ; 9.314  ; 9.314  ; Fall       ; CLOCK_50        ;
;  HEX1[2]  ; CLOCK_50   ; 10.176 ; 10.176 ; Fall       ; CLOCK_50        ;
;  HEX1[3]  ; CLOCK_50   ; 8.954  ; 8.954  ; Fall       ; CLOCK_50        ;
;  HEX1[4]  ; CLOCK_50   ; 9.163  ; 9.163  ; Fall       ; CLOCK_50        ;
;  HEX1[5]  ; CLOCK_50   ; 10.160 ; 10.160 ; Fall       ; CLOCK_50        ;
;  HEX1[6]  ; CLOCK_50   ; 9.602  ; 9.602  ; Fall       ; CLOCK_50        ;
; HEX2[*]   ; CLOCK_50   ; 10.212 ; 10.212 ; Fall       ; CLOCK_50        ;
;  HEX2[0]  ; CLOCK_50   ; 8.840  ; 8.840  ; Fall       ; CLOCK_50        ;
;  HEX2[1]  ; CLOCK_50   ; 8.854  ; 8.854  ; Fall       ; CLOCK_50        ;
;  HEX2[2]  ; CLOCK_50   ; 8.824  ; 8.824  ; Fall       ; CLOCK_50        ;
;  HEX2[3]  ; CLOCK_50   ; 9.372  ; 9.372  ; Fall       ; CLOCK_50        ;
;  HEX2[4]  ; CLOCK_50   ; 9.476  ; 9.476  ; Fall       ; CLOCK_50        ;
;  HEX2[5]  ; CLOCK_50   ; 10.212 ; 10.212 ; Fall       ; CLOCK_50        ;
;  HEX2[6]  ; CLOCK_50   ; 9.890  ; 9.890  ; Fall       ; CLOCK_50        ;
; HEX3[*]   ; CLOCK_50   ; 9.896  ; 9.896  ; Fall       ; CLOCK_50        ;
;  HEX3[0]  ; CLOCK_50   ; 8.789  ; 8.789  ; Fall       ; CLOCK_50        ;
;  HEX3[1]  ; CLOCK_50   ; 8.573  ; 8.573  ; Fall       ; CLOCK_50        ;
;  HEX3[2]  ; CLOCK_50   ; 8.570  ; 8.570  ; Fall       ; CLOCK_50        ;
;  HEX3[3]  ; CLOCK_50   ; 9.332  ; 9.332  ; Fall       ; CLOCK_50        ;
;  HEX3[4]  ; CLOCK_50   ; 9.481  ; 9.481  ; Fall       ; CLOCK_50        ;
;  HEX3[5]  ; CLOCK_50   ; 9.849  ; 9.849  ; Fall       ; CLOCK_50        ;
;  HEX3[6]  ; CLOCK_50   ; 9.896  ; 9.896  ; Fall       ; CLOCK_50        ;
+-----------+------------+--------+--------+------------+-----------------+


+-----------------------------------------------------------------------+
; Minimum Clock to Output Times                                         ;
+-----------+------------+-------+-------+------------+-----------------+
; Data Port ; Clock Port ; Rise  ; Fall  ; Clock Edge ; Clock Reference ;
+-----------+------------+-------+-------+------------+-----------------+
; HEX0[*]   ; CLOCK_50   ; 4.510 ; 4.510 ; Fall       ; CLOCK_50        ;
;  HEX0[0]  ; CLOCK_50   ; 5.748 ; 5.748 ; Fall       ; CLOCK_50        ;
;  HEX0[1]  ; CLOCK_50   ; 6.281 ; 6.281 ; Fall       ; CLOCK_50        ;
;  HEX0[2]  ; CLOCK_50   ; 6.590 ; 6.590 ; Fall       ; CLOCK_50        ;
;  HEX0[3]  ; CLOCK_50   ; 4.622 ; 4.622 ; Fall       ; CLOCK_50        ;
;  HEX0[4]  ; CLOCK_50   ; 4.618 ; 4.618 ; Fall       ; CLOCK_50        ;
;  HEX0[5]  ; CLOCK_50   ; 4.517 ; 4.517 ; Fall       ; CLOCK_50        ;
;  HEX0[6]  ; CLOCK_50   ; 4.510 ; 4.510 ; Fall       ; CLOCK_50        ;
; HEX1[*]   ; CLOCK_50   ; 4.827 ; 4.827 ; Fall       ; CLOCK_50        ;
;  HEX1[0]  ; CLOCK_50   ; 4.941 ; 4.941 ; Fall       ; CLOCK_50        ;
;  HEX1[1]  ; CLOCK_50   ; 4.966 ; 4.966 ; Fall       ; CLOCK_50        ;
;  HEX1[2]  ; CLOCK_50   ; 5.329 ; 5.329 ; Fall       ; CLOCK_50        ;
;  HEX1[3]  ; CLOCK_50   ; 4.827 ; 4.827 ; Fall       ; CLOCK_50        ;
;  HEX1[4]  ; CLOCK_50   ; 4.920 ; 4.920 ; Fall       ; CLOCK_50        ;
;  HEX1[5]  ; CLOCK_50   ; 5.426 ; 5.426 ; Fall       ; CLOCK_50        ;
;  HEX1[6]  ; CLOCK_50   ; 5.111 ; 5.111 ; Fall       ; CLOCK_50        ;
; HEX2[*]   ; CLOCK_50   ; 4.697 ; 4.697 ; Fall       ; CLOCK_50        ;
;  HEX2[0]  ; CLOCK_50   ; 4.710 ; 4.710 ; Fall       ; CLOCK_50        ;
;  HEX2[1]  ; CLOCK_50   ; 4.697 ; 4.697 ; Fall       ; CLOCK_50        ;
;  HEX2[2]  ; CLOCK_50   ; 4.704 ; 4.704 ; Fall       ; CLOCK_50        ;
;  HEX2[3]  ; CLOCK_50   ; 5.044 ; 5.044 ; Fall       ; CLOCK_50        ;
;  HEX2[4]  ; CLOCK_50   ; 5.077 ; 5.077 ; Fall       ; CLOCK_50        ;
;  HEX2[5]  ; CLOCK_50   ; 5.454 ; 5.454 ; Fall       ; CLOCK_50        ;
;  HEX2[6]  ; CLOCK_50   ; 5.242 ; 5.242 ; Fall       ; CLOCK_50        ;
; HEX3[*]   ; CLOCK_50   ; 4.581 ; 4.581 ; Fall       ; CLOCK_50        ;
;  HEX3[0]  ; CLOCK_50   ; 4.666 ; 4.666 ; Fall       ; CLOCK_50        ;
;  HEX3[1]  ; CLOCK_50   ; 4.585 ; 4.585 ; Fall       ; CLOCK_50        ;
;  HEX3[2]  ; CLOCK_50   ; 4.581 ; 4.581 ; Fall       ; CLOCK_50        ;
;  HEX3[3]  ; CLOCK_50   ; 5.025 ; 5.025 ; Fall       ; CLOCK_50        ;
;  HEX3[4]  ; CLOCK_50   ; 5.081 ; 5.081 ; Fall       ; CLOCK_50        ;
;  HEX3[5]  ; CLOCK_50   ; 5.275 ; 5.275 ; Fall       ; CLOCK_50        ;
;  HEX3[6]  ; CLOCK_50   ; 5.245 ; 5.245 ; Fall       ; CLOCK_50        ;
+-----------+------------+-------+-------+------------+-----------------+


+----------------------------------------------------+
; Progagation Delay                                  ;
+------------+-------------+----+-------+-------+----+
; Input Port ; Output Port ; RR ; RF    ; FR    ; FF ;
+------------+-------------+----+-------+-------+----+
; SW[0]      ; HEX0[0]     ;    ; 7.869 ; 7.869 ;    ;
; SW[0]      ; HEX1[0]     ;    ; 6.238 ; 6.238 ;    ;
; SW[0]      ; HEX2[0]     ;    ; 5.818 ; 5.818 ;    ;
; SW[0]      ; HEX3[0]     ;    ; 5.767 ; 5.767 ;    ;
; SW[1]      ; HEX0[1]     ;    ; 8.864 ; 8.864 ;    ;
; SW[1]      ; HEX1[1]     ;    ; 6.310 ; 6.310 ;    ;
; SW[1]      ; HEX2[1]     ;    ; 5.850 ; 5.850 ;    ;
; SW[1]      ; HEX3[1]     ;    ; 5.569 ; 5.569 ;    ;
; SW[2]      ; HEX0[2]     ;    ; 9.434 ; 9.434 ;    ;
; SW[2]      ; HEX1[2]     ;    ; 7.158 ; 7.158 ;    ;
; SW[2]      ; HEX2[2]     ;    ; 5.806 ; 5.806 ;    ;
; SW[2]      ; HEX3[2]     ;    ; 5.552 ; 5.552 ;    ;
; SW[3]      ; HEX0[3]     ;    ; 5.779 ; 5.779 ;    ;
; SW[3]      ; HEX1[3]     ;    ; 6.244 ; 6.244 ;    ;
; SW[3]      ; HEX2[3]     ;    ; 6.662 ; 6.662 ;    ;
; SW[3]      ; HEX3[3]     ;    ; 6.622 ; 6.622 ;    ;
; SW[4]      ; HEX0[4]     ;    ; 5.774 ; 5.774 ;    ;
; SW[4]      ; HEX1[4]     ;    ; 6.453 ; 6.453 ;    ;
; SW[4]      ; HEX2[4]     ;    ; 6.766 ; 6.766 ;    ;
; SW[4]      ; HEX3[4]     ;    ; 6.771 ; 6.771 ;    ;
; SW[5]      ; HEX0[5]     ;    ; 5.528 ; 5.528 ;    ;
; SW[5]      ; HEX1[5]     ;    ; 7.430 ; 7.430 ;    ;
; SW[5]      ; HEX2[5]     ;    ; 7.482 ; 7.482 ;    ;
; SW[5]      ; HEX3[5]     ;    ; 7.119 ; 7.119 ;    ;
; SW[6]      ; HEX0[6]     ;    ; 5.542 ; 5.542 ;    ;
; SW[6]      ; HEX1[6]     ;    ; 6.889 ; 6.889 ;    ;
; SW[6]      ; HEX2[6]     ;    ; 7.177 ; 7.177 ;    ;
; SW[6]      ; HEX3[6]     ;    ; 7.183 ; 7.183 ;    ;
+------------+-------------+----+-------+-------+----+


+----------------------------------------------------+
; Minimum Progagation Delay                          ;
+------------+-------------+----+-------+-------+----+
; Input Port ; Output Port ; RR ; RF    ; FR    ; FF ;
+------------+-------------+----+-------+-------+----+
; SW[0]      ; HEX0[0]     ;    ; 4.070 ; 4.070 ;    ;
; SW[0]      ; HEX1[0]     ;    ; 3.263 ; 3.263 ;    ;
; SW[0]      ; HEX2[0]     ;    ; 3.032 ; 3.032 ;    ;
; SW[0]      ; HEX3[0]     ;    ; 2.988 ; 2.988 ;    ;
; SW[1]      ; HEX0[1]     ;    ; 4.612 ; 4.612 ;    ;
; SW[1]      ; HEX1[1]     ;    ; 3.297 ; 3.297 ;    ;
; SW[1]      ; HEX2[1]     ;    ; 3.028 ; 3.028 ;    ;
; SW[1]      ; HEX3[1]     ;    ; 2.916 ; 2.916 ;    ;
; SW[2]      ; HEX0[2]     ;    ; 4.914 ; 4.914 ;    ;
; SW[2]      ; HEX1[2]     ;    ; 3.653 ; 3.653 ;    ;
; SW[2]      ; HEX2[2]     ;    ; 3.028 ; 3.028 ;    ;
; SW[2]      ; HEX3[2]     ;    ; 2.905 ; 2.905 ;    ;
; SW[3]      ; HEX0[3]     ;    ; 2.994 ; 2.994 ;    ;
; SW[3]      ; HEX1[3]     ;    ; 3.199 ; 3.199 ;    ;
; SW[3]      ; HEX2[3]     ;    ; 3.416 ; 3.416 ;    ;
; SW[3]      ; HEX3[3]     ;    ; 3.397 ; 3.397 ;    ;
; SW[4]      ; HEX0[4]     ;    ; 2.990 ; 2.990 ;    ;
; SW[4]      ; HEX1[4]     ;    ; 3.292 ; 3.292 ;    ;
; SW[4]      ; HEX2[4]     ;    ; 3.449 ; 3.449 ;    ;
; SW[4]      ; HEX3[4]     ;    ; 3.453 ; 3.453 ;    ;
; SW[5]      ; HEX0[5]     ;    ; 2.872 ; 2.872 ;    ;
; SW[5]      ; HEX1[5]     ;    ; 3.781 ; 3.781 ;    ;
; SW[5]      ; HEX2[5]     ;    ; 3.809 ; 3.809 ;    ;
; SW[5]      ; HEX3[5]     ;    ; 3.630 ; 3.630 ;    ;
; SW[6]      ; HEX0[6]     ;    ; 2.878 ; 2.878 ;    ;
; SW[6]      ; HEX1[6]     ;    ; 3.479 ; 3.479 ;    ;
; SW[6]      ; HEX2[6]     ;    ; 3.610 ; 3.610 ;    ;
; SW[6]      ; HEX3[6]     ;    ; 3.613 ; 3.613 ;    ;
+------------+-------------+----+-------+-------+----+


+-------------------------------------------------------------------+
; Setup Transfers                                                   ;
+------------+----------+----------+----------+----------+----------+
; From Clock ; To Clock ; RR Paths ; FR Paths ; RF Paths ; FF Paths ;
+------------+----------+----------+----------+----------+----------+
; CLOCK_50   ; CLOCK_50 ; 0        ; 0        ; 0        ; 131      ;
+------------+----------+----------+----------+----------+----------+
Entries labeled "false path" only account for clock-to-clock false paths and not path-based false paths. As a result, actual path counts may be lower than reported.


+-------------------------------------------------------------------+
; Hold Transfers                                                    ;
+------------+----------+----------+----------+----------+----------+
; From Clock ; To Clock ; RR Paths ; FR Paths ; RF Paths ; FF Paths ;
+------------+----------+----------+----------+----------+----------+
; CLOCK_50   ; CLOCK_50 ; 0        ; 0        ; 0        ; 131      ;
+------------+----------+----------+----------+----------+----------+
Entries labeled "false path" only account for clock-to-clock false paths and not path-based false paths. As a result, actual path counts may be lower than reported.


---------------
; Report TCCS ;
---------------
No dedicated SERDES Transmitter circuitry present in device or used in design


---------------
; Report RSKM ;
---------------
No dedicated SERDES Receiver circuitry present in device or used in design


+------------------------------------------------+
; Unconstrained Paths                            ;
+---------------------------------+-------+------+
; Property                        ; Setup ; Hold ;
+---------------------------------+-------+------+
; Illegal Clocks                  ; 0     ; 0    ;
; Unconstrained Clocks            ; 0     ; 0    ;
; Unconstrained Input Ports       ; 7     ; 7    ;
; Unconstrained Input Port Paths  ; 28    ; 28   ;
; Unconstrained Output Ports      ; 28    ; 28   ;
; Unconstrained Output Port Paths ; 56    ; 56   ;
+---------------------------------+-------+------+


+------------------------------------+
; TimeQuest Timing Analyzer Messages ;
+------------------------------------+
Info: *******************************************************************
Info: Running Quartus II 64-Bit TimeQuest Timing Analyzer
    Info: Version 13.0.1 Build 232 06/12/2013 Service Pack 1 SJ Web Edition
    Info: Processing started: Thu Sep 17 21:43:04 2020
Info: Command: quartus_sta projeto_200917 -c projeto_200917
Info: qsta_default_script.tcl version: #1
Warning (20028): Parallel compilation is not licensed and has been disabled
Info (21077): Low junction temperature is 0 degrees C
Info (21077): High junction temperature is 85 degrees C
Critical Warning (332012): Synopsys Design Constraints File file not found: 'projeto_200917.sdc'. A Synopsys Design Constraints File is required by the TimeQuest Timing Analyzer to get proper timing constraints. Without it, the Compiler will not properly optimize the design.
Info (332142): No user constrained base clocks found in the design. Calling "derive_clocks -period 1.0"
Info (332105): Deriving Clocks
    Info (332105): create_clock -period 1.000 -name CLOCK_50 CLOCK_50
Info: Found TIMEQUEST_REPORT_SCRIPT_INCLUDE_DEFAULT_ANALYSIS = ON
Info: Analyzing Slow Model
Critical Warning (332148): Timing requirements not met
Info (332146): Worst-case setup slack is -2.320
    Info (332119):     Slack End Point TNS Clock 
    Info (332119): ========= ============= =====================
    Info (332119):    -2.320       -14.548 CLOCK_50 
Info (332146): Worst-case hold slack is 0.391
    Info (332119):     Slack End Point TNS Clock 
    Info (332119): ========= ============= =====================
    Info (332119):     0.391         0.000 CLOCK_50 
Info (332140): No Recovery paths to report
Info (332140): No Removal paths to report
Info (332146): Worst-case minimum pulse width slack is -1.380
    Info (332119):     Slack End Point TNS Clock 
    Info (332119): ========= ============= =====================
    Info (332119):    -1.380       -10.380 CLOCK_50 
Info (332001): The selected device family is not supported by the report_metastability command.
Info: Analyzing Fast Model
Critical Warning (332148): Timing requirements not met
Info (332146): Worst-case setup slack is -0.460
    Info (332119):     Slack End Point TNS Clock 
    Info (332119): ========= ============= =====================
    Info (332119):    -0.460        -1.506 CLOCK_50 
Info (332146): Worst-case hold slack is 0.215
    Info (332119):     Slack End Point TNS Clock 
    Info (332119): ========= ============= =====================
    Info (332119):     0.215         0.000 CLOCK_50 
Info (332140): No Recovery paths to report
Info (332140): No Removal paths to report
Info (332146): Worst-case minimum pulse width slack is -1.380
    Info (332119):     Slack End Point TNS Clock 
    Info (332119): ========= ============= =====================
    Info (332119):    -1.380       -10.380 CLOCK_50 
Info (332001): The selected device family is not supported by the report_metastability command.
Info (332102): Design is not fully constrained for setup requirements
Info (332102): Design is not fully constrained for hold requirements
Info: Quartus II 64-Bit TimeQuest Timing Analyzer was successful. 0 errors, 4 warnings
    Info: Peak virtual memory: 489 megabytes
    Info: Processing ended: Thu Sep 17 21:43:07 2020
    Info: Elapsed time: 00:00:03
    Info: Total CPU time (on all processors): 00:00:01


